[2022-05-08 00:11:32] [INFORMATION] LOGGING INTO DISCORD... 
[2022-05-08 00:11:32] [INFORMATION] PING SPIKE DETECTED FROM -1ms TO 118 ms 
[2022-05-08 00:11:32] [INFORMATION] LOADING... 
[2022-05-08 00:11:32] [INFORMATION] API STATUS: READY 
[2022-05-08 00:11:32] [INFORMATION] APPLICATION STATUS: LOADING_SUBSYSTEMS 
[2022-05-08 00:11:32] [INFORMATION] SYSTEM: DESKTOP-V03JMPS 
[2022-05-08 00:11:32] [INFORMATION] OS: Windows 10 
[2022-05-08 00:11:32] [INFORMATION] OS-VERSION: 10.0 
[2022-05-08 00:11:32] [INFORMATION] 0S-ARCH: amd64 
[2022-05-08 00:11:32] [INFORMATION] JAVA: 18+36-2087 (C:\Users\Leon\.jdks\openjdk-18) 
[2022-05-08 00:11:32] [INFORMATION] JVM-NAME: OpenJDK 64-Bit Server VM 
[2022-05-08 00:11:32] [INFORMATION] JVM-VERSION: 18+36-2087 
[2022-05-08 00:11:32] [INFORMATION] USER: Leon 
[2022-05-08 00:11:32] [INFORMATION] DIRECTORY: C:\Users\Leon\Documents\GitHub\discord-bot-java 
[2022-05-08 00:11:32] [INFORMATION] IP: 192.168.179.28 
[2022-05-08 00:11:32] [INFORMATION] NETWORK: true 
[2022-05-08 00:11:32] [INFORMATION] TYPE: BOT 
[2022-05-08 00:11:32] [INFORMATION] NAME: ercan can#9080 
[2022-05-08 00:11:32] [INFORMATION] PING: 118ms 
[2022-05-08 00:11:32] [INFORMATION] CREATED: 2022-04-25T16:08:11.904Z 
[2022-05-08 00:11:32] [INFORMATION] ACC-ID: 968181644123045998 
[2022-05-08 00:11:32] [INFORMATION] APP-ID: 968181644123045998 
[2022-05-08 00:11:32] [INFORMATION] INVITE: https://discord.com/oauth2/authorize?client_id=968181644123045998&scope=bot&permissions=8 
[2022-05-08 00:11:32] [INFORMATION] VERIFIED: true 
[2022-05-08 00:11:32] [INFORMATION] --------------------- 
[2022-05-08 00:11:32] [INFORMATION] CONFIRM ONLINE 
[2022-05-08 00:11:37] [INFORMATION] CURRENT BOT STATUS: CONNECTED 
[2022-05-08 00:11:37] [INFORMATION] LATEST PING: 118ms  (Updated 5s ago) 
[2022-05-08 00:12:23] [INFORMATION] CURRENT BOT STATUS: CONNECTED 
[2022-05-08 00:12:23] [INFORMATION] LATEST PING: 110ms  (Updated 10s ago) 
[2022-05-08 00:12:29] [INFORMATION] CURRENT BOT STATUS: CONNECTED 
[2022-05-08 00:12:29] [INFORMATION] LATEST PING: 110ms  (Updated 15s ago) 
[2022-05-08 00:12:31] [INFORMATION] CURRENT BOT STATUS: CONNECTED 
[2022-05-08 00:12:31] [INFORMATION] LATEST PING: 110ms  (Updated 17s ago) 
[2022-05-08 00:12:37] [INFORMATION] CURRENT BOT STATUS: CONNECTED 
[2022-05-08 00:12:37] [INFORMATION] LATEST PING: 110ms  (Updated 24s ago) 
[2022-05-08 00:12:42] [INFORMATION] CURRENT BOT STATUS: CONNECTED 
[2022-05-08 00:12:42] [INFORMATION] LATEST PING: 110ms  (Updated 29s ago) 
[2022-05-08 00:12:46] [INFORMATION] CURRENT BOT STATUS: CONNECTED 
[2022-05-08 00:12:46] [INFORMATION] LATEST PING: 110ms  (Updated 33s ago) 
[2022-05-08 00:14:32] [INFORMATION] SHUTTING DOWN 
