[2022-05-07 22:59:13] [SCHWERWIEGEND] STATUS CHANGE [CONNECTING_TO_WEBSOCKET--> IDENTIFYING_SESSION] 
[2022-05-07 22:59:13] [SCHWERWIEGEND] STATUS CHANGE [IDENTIFYING_SESSION--> AWAITING_LOGIN_CONFIRMATION] 
[2022-05-07 22:59:13] [SCHWERWIEGEND] STATUS CHANGE [AWAITING_LOGIN_CONFIRMATION--> LOADING_SUBSYSTEMS] 
[2022-05-07 22:59:13] [INFORMATION] API STATUS: READY 
[2022-05-07 22:59:13] [INFORMATION] APPLICATION STATUS: LOADING_SUBSYSTEMS 
[2022-05-07 22:59:13] [INFORMATION] SYSTEM: DESKTOP-V03JMPS 
[2022-05-07 22:59:13] [INFORMATION] OS: Windows 10 
[2022-05-07 22:59:13] [INFORMATION] OS-VERSION: 10.0 
[2022-05-07 22:59:13] [INFORMATION] 0S-ARCH: amd64 
[2022-05-07 22:59:13] [INFORMATION] JAVA: 18+36-2087 (C:\Users\Leon\.jdks\openjdk-18) 
[2022-05-07 22:59:13] [INFORMATION] JVM-NAME: OpenJDK 64-Bit Server VM 
[2022-05-07 22:59:13] [INFORMATION] JVM-VERSION: 18+36-2087 
[2022-05-07 22:59:13] [INFORMATION] USER: Leon 
[2022-05-07 22:59:13] [INFORMATION] DIRECTORY: C:\Users\Leon\Documents\GitHub\discord-bot-java 
[2022-05-07 22:59:13] [INFORMATION] IP: 192.168.179.28 
[2022-05-07 22:59:13] [INFORMATION] CONNECTED: true 
[2022-05-07 22:59:13] [INFORMATION] TYPE: BOT 
[2022-05-07 22:59:13] [INFORMATION] NAME: ercan can#9080 
[2022-05-07 22:59:13] [INFORMATION] PING: 122ms 
[2022-05-07 22:59:13] [INFORMATION] CREATED: 2022-04-25T16:08:11.904Z 
[2022-05-07 22:59:13] [INFORMATION] ACC-ID: 968181644123045998 
[2022-05-07 22:59:13] [INFORMATION] APP-ID: 968181644123045998 
[2022-05-07 22:59:13] [INFORMATION] VERIFIED: true 
[2022-05-07 22:59:13] [INFORMATION] --------------------- 
[2022-05-07 22:59:13] [SCHWERWIEGEND] STATUS CHANGE [LOADING_SUBSYSTEMS--> CONNECTED] 
[2022-05-07 22:59:24] [SCHWERWIEGEND] STATUS CHANGE [CONNECTED--> SHUTTING_DOWN] 
