[2022-05-07 23:34:12] [INFORMATION] LOGGING INTO DISCORD... 
[2022-05-07 23:34:13] [INFORMATION] PING SPIKE DETECTED FROM -1ms TO 124 ms 
[2022-05-07 23:34:13] [INFORMATION] LOADING... 
[2022-05-07 23:34:13] [INFORMATION] API STATUS: READY 
[2022-05-07 23:34:13] [INFORMATION] APPLICATION STATUS: LOADING_SUBSYSTEMS 
[2022-05-07 23:34:13] [INFORMATION] SYSTEM: DESKTOP-V03JMPS 
[2022-05-07 23:34:13] [INFORMATION] OS: Windows 10 
[2022-05-07 23:34:13] [INFORMATION] OS-VERSION: 10.0 
[2022-05-07 23:34:13] [INFORMATION] 0S-ARCH: amd64 
[2022-05-07 23:34:13] [INFORMATION] JAVA: 18+36-2087 (C:\Users\Leon\.jdks\openjdk-18) 
[2022-05-07 23:34:13] [INFORMATION] JVM-NAME: OpenJDK 64-Bit Server VM 
[2022-05-07 23:34:13] [INFORMATION] JVM-VERSION: 18+36-2087 
[2022-05-07 23:34:13] [INFORMATION] USER: Leon 
[2022-05-07 23:34:13] [INFORMATION] DIRECTORY: C:\Users\Leon\Documents\GitHub\discord-bot-java 
[2022-05-07 23:34:13] [INFORMATION] IP: 192.168.179.28 
[2022-05-07 23:34:13] [INFORMATION] CONNECTED: true 
[2022-05-07 23:34:13] [INFORMATION] TYPE: BOT 
[2022-05-07 23:34:13] [INFORMATION] NAME: ercan can#9080 
[2022-05-07 23:34:13] [INFORMATION] PING: 124ms 
[2022-05-07 23:34:13] [INFORMATION] CREATED: 2022-04-25T16:08:11.904Z 
[2022-05-07 23:34:13] [INFORMATION] ACC-ID: 968181644123045998 
[2022-05-07 23:34:13] [INFORMATION] APP-ID: 968181644123045998 
[2022-05-07 23:34:13] [INFORMATION] VERIFIED: true 
[2022-05-07 23:34:13] [INFORMATION] --------------------- 
[2022-05-07 23:34:13] [INFORMATION] CONNECTED TO WEBSOCKET SUCCESSFULLY 
[2022-05-07 23:36:58] [INFORMATION] SHUTTING DOWN 
