[2022-05-07 23:28:57] [INFORMATION] LOGGING INTO DISCORD... 
[2022-05-07 23:28:57] [INFORMATION] PING SPIKE DETECTED FROM -1ms  TO 116 ms 
[2022-05-07 23:28:57] [INFORMATION] LOADING... 
[2022-05-07 23:28:57] [INFORMATION] API STATUS: READY 
[2022-05-07 23:28:57] [INFORMATION] APPLICATION STATUS: LOADING_SUBSYSTEMS 
[2022-05-07 23:28:57] [INFORMATION] SYSTEM: DESKTOP-V03JMPS 
[2022-05-07 23:28:57] [INFORMATION] OS: Windows 10 
[2022-05-07 23:28:57] [INFORMATION] OS-VERSION: 10.0 
[2022-05-07 23:28:57] [INFORMATION] 0S-ARCH: amd64 
[2022-05-07 23:28:57] [INFORMATION] JAVA: 18+36-2087 (C:\Users\Leon\.jdks\openjdk-18) 
[2022-05-07 23:28:57] [INFORMATION] JVM-NAME: OpenJDK 64-Bit Server VM 
[2022-05-07 23:28:57] [INFORMATION] JVM-VERSION: 18+36-2087 
[2022-05-07 23:28:57] [INFORMATION] USER: Leon 
[2022-05-07 23:28:57] [INFORMATION] DIRECTORY: C:\Users\Leon\Documents\GitHub\discord-bot-java 
[2022-05-07 23:28:57] [INFORMATION] IP: 192.168.179.28 
[2022-05-07 23:28:57] [INFORMATION] CONNECTED: true 
[2022-05-07 23:28:57] [INFORMATION] TYPE: BOT 
[2022-05-07 23:28:57] [INFORMATION] NAME: ercan can#9080 
[2022-05-07 23:28:57] [INFORMATION] PING: 116ms 
[2022-05-07 23:28:57] [INFORMATION] CREATED: 2022-04-25T16:08:11.904Z 
[2022-05-07 23:28:57] [INFORMATION] ACC-ID: 968181644123045998 
[2022-05-07 23:28:57] [INFORMATION] APP-ID: 968181644123045998 
[2022-05-07 23:28:57] [INFORMATION] VERIFIED: true 
[2022-05-07 23:28:57] [INFORMATION] --------------------- 
[2022-05-07 23:28:57] [INFORMATION] CONNECTED TO WEBSOCKET SUCCESSFULLY 
[2022-05-07 23:28:58] [INFORMATION] SHUTTING DOWN 
<?xml version="1.0" encoding="UTF-8" standalone="no"?>
<!DOCTYPE log SYSTEM "logger.dtd">
<log>
</log>
