[2022-05-08 00:24:57] [INFORMATION] LOGGING INTO DISCORD... 
[2022-05-08 00:24:58] [INFORMATION] PING SPIKE DETECTED FROM -1ms TO 113 ms 
[2022-05-08 00:24:58] [INFORMATION] LOADING... 
[2022-05-08 00:24:58] [INFORMATION] API STATUS: READY 
[2022-05-08 00:24:58] [INFORMATION] APPLICATION STATUS: LOADING_SUBSYSTEMS 
[2022-05-08 00:24:58] [INFORMATION] SYSTEM: DESKTOP-V03JMPS 
[2022-05-08 00:24:58] [INFORMATION] OS: Windows 10 
[2022-05-08 00:24:58] [INFORMATION] OS-VERSION: 10.0 
[2022-05-08 00:24:58] [INFORMATION] 0S-ARCH: amd64 
[2022-05-08 00:24:58] [INFORMATION] JAVA: 18+36-2087 (C:\Users\Leon\.jdks\openjdk-18) 
[2022-05-08 00:24:58] [INFORMATION] JVM-NAME: OpenJDK 64-Bit Server VM 
[2022-05-08 00:24:58] [INFORMATION] JVM-VERSION: 18+36-2087 
[2022-05-08 00:24:58] [INFORMATION] USER: Leon 
[2022-05-08 00:24:58] [INFORMATION] DIRECTORY: C:\Users\Leon\Documents\GitHub\discord-bot-java 
[2022-05-08 00:24:58] [INFORMATION] IP: 192.168.179.28 
[2022-05-08 00:24:58] [INFORMATION] NETWORK: true 
[2022-05-08 00:24:58] [INFORMATION] TYPE: BOT 
[2022-05-08 00:24:58] [INFORMATION] NAME: ercan can#9080 
[2022-05-08 00:24:58] [INFORMATION] PING: 113ms 
[2022-05-08 00:24:58] [INFORMATION] CREATED: 2022-04-25T16:08:11.904Z 
[2022-05-08 00:24:58] [INFORMATION] ACC-ID: 968181644123045998 
[2022-05-08 00:24:58] [INFORMATION] APP-ID: 968181644123045998 
[2022-05-08 00:24:58] [INFORMATION] INVITE: https://discord.com/oauth2/authorize?client_id=968181644123045998&scope=bot&permissions=8 
[2022-05-08 00:24:58] [INFORMATION] VERIFIED: true 
[2022-05-08 00:24:58] [INFORMATION] --------------------- 
[2022-05-08 00:24:58] [INFORMATION] CONFIRM ONLINE 
[2022-05-08 00:25:02] [INFORMATION] CURRENT BOT STATUS: CONNECTED 
[2022-05-08 00:25:02] [INFORMATION] LATEST PING: 113ms  (Updated 4s ago) 
[2022-05-08 00:25:02] [INFORMATION] UPTIME: **5** Seconds,  
[2022-05-08 00:25:47] [INFORMATION] SHUTTING DOWN... 
