[2022-05-10 17:56:30] [INFORMATION] LOGGING INTO DISCORD... 
[2022-05-10 17:56:30] [INFORMATION] PING SPIKE DETECTED FROM -1ms TO 127 ms 
[2022-05-10 17:56:30] [INFORMATION] LOADING... 
[2022-05-10 17:56:31] [INFORMATION] API STATUS: READY 
[2022-05-10 17:56:31] [INFORMATION] APPLICATION STATUS: LOADING_SUBSYSTEMS 
[2022-05-10 17:56:31] [INFORMATION] --------------------- 
[2022-05-10 17:56:31] [INFORMATION] SYSTEM: DESKTOP-V03JMPS 
[2022-05-10 17:56:31] [INFORMATION] OS: Windows 10 (Version 10.0) amd64 
[2022-05-10 17:56:31] [INFORMATION] DIRECTORY: C:\Users\Leon\Documents\GitHub\discord-bot-java 
[2022-05-10 17:56:31] [INFORMATION] MEMORY-USAGE ALL(JAVA): 10043MB (2091MB) / 17107MB 
[2022-05-10 17:56:31] [INFORMATION] CPU-USAGE JAVA: 6.85% 
[2022-05-10 17:56:31] [INFORMATION] JAVA: 18+36-2087 (C:\Users\Leon\.jdks\openjdk-18) 
[2022-05-10 17:56:31] [INFORMATION] JDK: OpenJDK 64-Bit Server VM 
[2022-05-10 17:56:31] [INFORMATION] NETWORK: true 
[2022-05-10 17:56:31] [INFORMATION] IP: 192.168.179.28 
[2022-05-10 17:56:31] [INFORMATION] --------------------- 
[2022-05-10 17:56:31] [INFORMATION] NAME: ercan can#9080 
[2022-05-10 17:56:31] [INFORMATION] INVITE: https://discord.com/oauth2/authorize?client_id=968181644123045998&scope=bot&permissions=8 
[2022-05-10 17:56:31] [INFORMATION] GATEWAY PING: 127ms 
[2022-05-10 17:56:31] [INFORMATION] CACHE-FLAGS: [ACTIVITY, VOICE_STATE, EMOTE, MEMBER_OVERRIDES, ROLE_TAGS, ONLINE_STATUS] 
[2022-05-10 17:56:31] [INFORMATION] INTENTS: [GUILD_MEMBERS, GUILD_BANS, GUILD_EMOJIS, GUILD_INVITES, GUILD_VOICE_STATES, GUILD_PRESENCES, GUILD_MESSAGES, GUILD_MESSAGE_REACTIONS, DIRECT_MESSAGES, DIRECT_MESSAGE_REACTIONS] 
[2022-05-10 17:56:31] [INFORMATION] ACC-ID: 968181644123045998 
[2022-05-10 17:56:31] [INFORMATION] CREATED: 2022-04-25T16:08:11.904Z 
[2022-05-10 17:56:31] [INFORMATION] OWNER: tr3x#2735 
[2022-05-10 17:56:31] [INFORMATION] DEV-TEAM: [InnereKlasse#6798, Kylx#7843, tr3x#2735] 
[2022-05-10 17:56:31] [INFORMATION] PUBLIC: true 
[2022-05-10 17:56:31] [INFORMATION] VERIFIED: true 
[2022-05-10 17:56:31] [INFORMATION] --------------------- 
[2022-05-10 17:56:31] [INFORMATION] CONFIRM ONLINE 
[2022-05-10 17:56:34] [INFORMATION] Playing Song (https://www.youtube.com/watch?v=bKlUG1AjunM) on (JAVA BOT SERVER) 
[2022-05-10 17:56:46] [INFORMATION] Stopped Song on (JAVA BOT SERVER) 
[2022-05-10 17:56:53] [INFORMATION] Playing Song (https://www.youtube.com/watch?v=PpJYc93QaS4) on (JAVA BOT SERVER) 
[2022-05-10 17:56:56] [INFORMATION] Stopped Song on (JAVA BOT SERVER) 
[2022-05-10 17:57:09] [INFORMATION] Playing Song (https://www.youtube.com/watch?v=yq5SGj9svVA) on (JAVA BOT SERVER) 
[2022-05-10 17:57:21] [INFORMATION] Stopped Song on (JAVA BOT SERVER) 
[2022-05-10 17:57:31] [INFORMATION] Playing Song (https://www.youtube.com/watch?v=cYe3vOG5Vto) on (JAVA BOT SERVER) 
[2022-05-10 17:57:42] [INFORMATION] Queued Song (https://www.youtube.com/watch?v=ET8bXYx6cPs) on (JAVA BOT SERVER) 
[2022-05-10 17:57:45] [INFORMATION] Stopped Song on (JAVA BOT SERVER) 
[2022-05-10 17:57:47] [INFORMATION] Tried to skip, but queue is empty on (JAVA BOT SERVER) 
[2022-05-10 17:58:18] [INFORMATION] Playing Song (https://www.youtube.com/watch?v=YYNEJITxi2Y) on (JAVA BOT SERVER) 
[2022-05-10 17:58:23] [INFORMATION] Stopped Song on (JAVA BOT SERVER) 
