[2022-05-08 01:09:35] [INFORMATION] LOGGING INTO DISCORD... 
[2022-05-08 01:09:35] [INFORMATION] PING SPIKE DETECTED FROM -1ms TO 111 ms 
[2022-05-08 01:09:35] [INFORMATION] LOADING... 
[2022-05-08 01:09:36] [INFORMATION] API STATUS: READY 
[2022-05-08 01:09:36] [INFORMATION] APPLICATION STATUS: LOADING_SUBSYSTEMS 
[2022-05-08 01:09:36] [INFORMATION] --------------------- 
[2022-05-08 01:09:36] [INFORMATION] SYSTEM: DESKTOP-V03JMPS 
[2022-05-08 01:09:36] [INFORMATION] OS: Windows 10 
[2022-05-08 01:09:36] [INFORMATION] OS-VERSION: 10.0 
[2022-05-08 01:09:36] [INFORMATION] 0S-ARCH: amd64 
[2022-05-08 01:09:36] [INFORMATION] MEMORY: (26843MB /427819MB ) 
[2022-05-08 01:09:36] [INFORMATION] JAVA: 18+36-2087 (C:\Users\Leon\.jdks\openjdk-18) 
[2022-05-08 01:09:36] [INFORMATION] JVM-NAME: OpenJDK 64-Bit Server VM 
[2022-05-08 01:09:36] [INFORMATION] JVM-VERSION: 18+36-2087 
[2022-05-08 01:09:36] [INFORMATION] USER: Leon 
[2022-05-08 01:09:36] [INFORMATION] DIRECTORY: C:\Users\Leon\Documents\GitHub\discord-bot-java 
[2022-05-08 01:09:36] [INFORMATION] IP: 192.168.179.28 
[2022-05-08 01:09:36] [INFORMATION] NETWORK: true 
[2022-05-08 01:09:36] [INFORMATION] --------------------- 
[2022-05-08 01:09:36] [INFORMATION] TYPE: BOT 
[2022-05-08 01:09:36] [INFORMATION] NAME: ercan can#9080 
[2022-05-08 01:09:36] [INFORMATION] INVITE: https://discord.com/oauth2/authorize?client_id=968181644123045998&scope=bot&permissions=8 
[2022-05-08 01:09:36] [INFORMATION] PING: 111ms 
[2022-05-08 01:09:36] [INFORMATION] CACHE-FLAGS: [ACTIVITY, VOICE_STATE, EMOTE, MEMBER_OVERRIDES, ROLE_TAGS, ONLINE_STATUS] 
[2022-05-08 01:09:36] [INFORMATION] INTENTS: [GUILD_MEMBERS, GUILD_BANS, GUILD_EMOJIS, GUILD_INVITES, GUILD_VOICE_STATES, GUILD_PRESENCES, GUILD_MESSAGES, GUILD_MESSAGE_REACTIONS, DIRECT_MESSAGES, DIRECT_MESSAGE_REACTIONS] 
[2022-05-08 01:09:36] [INFORMATION] CREATED: 2022-04-25T16:08:11.904Z 
[2022-05-08 01:09:36] [INFORMATION] ACC-ID: 968181644123045998 
[2022-05-08 01:09:36] [INFORMATION] OWNER: tr3x#2735 
[2022-05-08 01:09:36] [INFORMATION] DEV-TEAM: [InnereKlasse#6798, Kylx#7843, tr3x#2735] 
[2022-05-08 01:09:36] [INFORMATION] PUBLIC: true 
[2022-05-08 01:09:36] [INFORMATION] VERIFIED: true 
[2022-05-08 01:09:36] [INFORMATION] --------------------- 
[2022-05-08 01:09:36] [INFORMATION] CONFIRM ONLINE 
[2022-05-08 01:10:11] [INFORMATION] SHUTTING DOWN... 
