[2022-05-10 15:17:35] [INFORMATION] LOGGING INTO DISCORD... 
[2022-05-10 15:17:35] [INFORMATION] PING SPIKE DETECTED FROM -1ms TO 121 ms 
[2022-05-10 15:17:35] [INFORMATION] LOADING... 
[2022-05-10 15:17:36] [INFORMATION] API STATUS: READY 
[2022-05-10 15:17:36] [INFORMATION] APPLICATION STATUS: LOADING_SUBSYSTEMS 
[2022-05-10 15:17:36] [INFORMATION] --------------------- 
[2022-05-10 15:17:36] [INFORMATION] SYSTEM: DESKTOP-U21RJG3 
[2022-05-10 15:17:36] [INFORMATION] OS: Windows 10 (Version 10.0) amd64 
[2022-05-10 15:17:36] [INFORMATION] DIRECTORY: C:\Users\robin_ynqx1gc\IdeaProjects\discord-bot-java 
[2022-05-10 15:17:36] [INFORMATION] MEMORY-USAGE ALL(JAVA): 8716MB (2258MB) / 17128MB 
[2022-05-10 15:17:36] [INFORMATION] CPU-USAGE JAVA: 1% 
[2022-05-10 15:17:36] [INFORMATION] JAVA: 18.0.1+10-24 (C:\Users\robin_ynqx1gc\.jdks\openjdk-18.0.1) 
[2022-05-10 15:17:36] [INFORMATION] JDK: OpenJDK 64-Bit Server VM 
[2022-05-10 15:17:36] [INFORMATION] NETWORK: true 
[2022-05-10 15:17:36] [INFORMATION] IP: 192.168.0.108 
[2022-05-10 15:17:36] [INFORMATION] --------------------- 
[2022-05-10 15:17:36] [INFORMATION] NAME: sdfa#8784 
[2022-05-10 15:17:36] [INFORMATION] INVITE: https://discord.com/oauth2/authorize?client_id=969928765750788116&scope=bot&permissions=8 
[2022-05-10 15:17:36] [INFORMATION] GATEWAY PING: 121ms 
[2022-05-10 15:17:36] [INFORMATION] CACHE-FLAGS: [ACTIVITY, VOICE_STATE, EMOTE, MEMBER_OVERRIDES, ROLE_TAGS, ONLINE_STATUS] 
[2022-05-10 15:17:36] [INFORMATION] INTENTS: [GUILD_MEMBERS, GUILD_BANS, GUILD_EMOJIS, GUILD_INVITES, GUILD_VOICE_STATES, GUILD_PRESENCES, GUILD_MESSAGES, GUILD_MESSAGE_REACTIONS, DIRECT_MESSAGES, DIRECT_MESSAGE_REACTIONS] 
[2022-05-10 15:17:36] [INFORMATION] ACC-ID: 969928765750788116 
[2022-05-10 15:17:36] [INFORMATION] CREATED: 2022-04-30T11:50:38.160Z 
[2022-05-10 15:17:36] [WARNUNG] BOOT FAILED 
[2022-05-10 15:17:36] [INFORMATION] SHUTTING DOWN... 
[2022-05-10 15:17:36] [INFORMATION] CONFIRM OFFLINE 
