[2022-05-10 19:05:29] [INFORMATION] LOGGING INTO DISCORD... 
[2022-05-10 19:05:29] [INFORMATION] PING SPIKE DETECTED FROM -1ms TO 120 ms 
[2022-05-10 19:05:29] [INFORMATION] LOADING... 
[2022-05-10 19:05:29] [INFORMATION] API STATUS: READY 
[2022-05-10 19:05:29] [INFORMATION] APPLICATION STATUS: LOADING_SUBSYSTEMS 
[2022-05-10 19:05:29] [INFORMATION] --------------------- 
[2022-05-10 19:05:29] [INFORMATION] SYSTEM: DESKTOP-V03JMPS 
[2022-05-10 19:05:29] [INFORMATION] OS: Windows 10 (Version 10.0) amd64 
[2022-05-10 19:05:29] [INFORMATION] DIRECTORY: C:\Users\Leon\Documents\GitHub\discord-bot-java 
[2022-05-10 19:05:29] [INFORMATION] MEMORY-USAGE ALL(JAVA): 9970MB (1848MB) / 17107MB 
[2022-05-10 19:05:29] [INFORMATION] CPU-USAGE JAVA: 6.51% 
[2022-05-10 19:05:29] [INFORMATION] JAVA: 18+36-2087 (C:\Users\Leon\.jdks\openjdk-18) 
[2022-05-10 19:05:29] [INFORMATION] JDK: OpenJDK 64-Bit Server VM 
[2022-05-10 19:05:29] [INFORMATION] NETWORK: true 
[2022-05-10 19:05:29] [INFORMATION] IP: 192.168.179.28 
[2022-05-10 19:05:29] [INFORMATION] --------------------- 
[2022-05-10 19:05:29] [INFORMATION] NAME: sdfa#8784 
[2022-05-10 19:05:29] [INFORMATION] INVITE: https://discord.com/oauth2/authorize?client_id=969928765750788116&scope=bot&permissions=8 
[2022-05-10 19:05:29] [INFORMATION] GATEWAY PING: 120ms 
[2022-05-10 19:05:29] [INFORMATION] CACHE-FLAGS: [ACTIVITY, VOICE_STATE, EMOTE, MEMBER_OVERRIDES, ROLE_TAGS, ONLINE_STATUS] 
[2022-05-10 19:05:29] [INFORMATION] INTENTS: [GUILD_MEMBERS, GUILD_BANS, GUILD_EMOJIS, GUILD_INVITES, GUILD_VOICE_STATES, GUILD_PRESENCES, GUILD_MESSAGES, GUILD_MESSAGE_REACTIONS, DIRECT_MESSAGES, DIRECT_MESSAGE_REACTIONS] 
[2022-05-10 19:05:29] [INFORMATION] ACC-ID: 969928765750788116 
[2022-05-10 19:05:29] [INFORMATION] CREATED: 2022-04-30T11:50:38.160Z 
[2022-05-10 19:05:29] [INFORMATION] OWNER: InnereKlasse#6798 
[2022-05-10 19:05:29] [INFORMATION] DEV-TEAM: [InnereKlasse#6798] 
[2022-05-10 19:05:29] [INFORMATION] PUBLIC: true 
[2022-05-10 19:05:29] [INFORMATION] VERIFIED: true 
[2022-05-10 19:05:29] [INFORMATION] --------------------- 
[2022-05-10 19:05:29] [INFORMATION] CONFIRM ONLINE 
[2022-05-10 19:05:32] [INFORMATION] VoiceChannel got created through an Voicehub (JAVA BOT SERVER,tr3x#2735) 
[2022-05-10 19:05:58] [INFORMATION] Voice Channel got deleted (JAVA BOT SERVER) 
