[2022-05-07 16:17:52] [INFORMATION] Start to log 
[2022-05-07 16:17:53] [INFORMATION] API is ready 
[2022-05-07 16:17:53] [INFORMATION] --------------------- 
[2022-05-07 16:17:53] [INFORMATION] OS: Windows 10-10.0 
[2022-05-07 16:17:53] [INFORMATION] JAVA: 18+36-2087 (C:\Users\Leon\.jdks\openjdk-18) 
[2022-05-07 16:17:53] [INFORMATION] IP: 192.168.179.28 
[2022-05-07 16:17:53] [INFORMATION] --------------------- 
[2022-05-07 16:17:53] [INFORMATION] BOT NAME: ercan can#9080 
[2022-05-07 16:17:53] [INFORMATION] BOT PING: 119ms 
[2022-05-07 16:17:53] [INFORMATION] --------------------- 
[2022-05-07 16:17:53] [INFORMATION] BOT ONLINE 
[2022-05-07 16:20:08] [INFORMATION] Playing Song (https://www.youtube.com/watch?v=YQHsXMglC9A) on (JAVA BOT SERVER) 
[2022-05-07 16:20:09] [WARNUNG] Track is null in nextInQueue() 
[2022-05-07 16:20:09] [WARNUNG] Channel is null in nextInQueue() 
[2022-05-07 16:20:40] [INFORMATION] Playing Song (https://www.youtube.com/watch?v=CmazFFS-jEg) on (JAVA BOT SERVER) 
[2022-05-07 16:20:40] [WARNUNG] Track is null in nextInQueue() 
[2022-05-07 16:20:40] [WARNUNG] Channel is null in nextInQueue() 
[2022-05-07 16:21:07] [INFORMATION] Playing Song (https://www.youtube.com/watch?v=eOOetPXWFjc) on (JAVA BOT SERVER) 
[2022-05-07 16:21:30] [INFORMATION] Queued Song (https://www.youtube.com/watch?v=gNUKA_mcBeM) on (JAVA BOT SERVER) 
[2022-05-07 16:21:33] [INFORMATION] Playing Song (https://www.youtube.com/watch?v=gNUKA_mcBeM) on (JAVA BOT SERVER) 
[2022-05-07 16:21:33] [INFORMATION] Skipped Song on (JAVA BOT SERVER) 
[2022-05-07 16:21:40] [INFORMATION] Stopping Song on (JAVA BOT SERVER) 
