[2022-05-07 22:56:49] [INFORMATION] API STATUS: READY 
[2022-05-07 22:56:49] [INFORMATION] APPLICATION STATUS: LOADING_SUBSYSTEMS 
[2022-05-07 22:56:49] [INFORMATION] SYSTEM: DESKTOP-V03JMPS 
[2022-05-07 22:56:49] [INFORMATION] OS: Windows 10 
[2022-05-07 22:56:49] [INFORMATION] OS-VERSION: 10.0 
[2022-05-07 22:56:49] [INFORMATION] 0S-ARCH: amd64 
[2022-05-07 22:56:49] [INFORMATION] JAVA: 18+36-2087 (C:\Users\Leon\.jdks\openjdk-18) 
[2022-05-07 22:56:49] [INFORMATION] JVM-NAME: OpenJDK 64-Bit Server VM 
[2022-05-07 22:56:49] [INFORMATION] JVM-VERSION: 18+36-2087 
[2022-05-07 22:56:49] [INFORMATION] USER: Leon 
[2022-05-07 22:56:49] [INFORMATION] DIRECTORY: C:\Users\Leon\Documents\GitHub\discord-bot-java 
[2022-05-07 22:56:49] [INFORMATION] IP: 192.168.179.28 
[2022-05-07 22:56:49] [INFORMATION] CONNECTED: true 
[2022-05-07 22:56:49] [INFORMATION] TYPE: BOT 
[2022-05-07 22:56:49] [INFORMATION] NAME: ercan can#9080 
[2022-05-07 22:56:49] [INFORMATION] PING: 113ms 
[2022-05-07 22:56:49] [INFORMATION] CREATED: 2022-04-25T16:08:11.904Z 
[2022-05-07 22:56:49] [INFORMATION] ACC-ID: 968181644123045998 
[2022-05-07 22:56:49] [INFORMATION] APP-ID: 968181644123045998 
[2022-05-07 22:56:49] [INFORMATION] VERIFIED: true 
[2022-05-07 22:56:49] [INFORMATION] --------------------- 
[2022-05-07 22:57:19] [INFORMATION] VoiceChannel got created through an Voicehub (JAVA BOT SERVER,tr3x#2735) 
[2022-05-07 22:57:39] [INFORMATION] Playing Song (https://www.youtube.com/watch?v=oFxXg3XT0J4) on (JAVA BOT SERVER) 
[2022-05-07 22:57:46] [INFORMATION] Bot Shutdown 
