[2022-05-08 14:52:50] [INFORMATION] CONNECTING TO WEBSOCKET... 
[2022-05-08 14:52:50] [INFORMATION] LOGGING INTO DISCORD... 
[2022-05-08 14:52:50] [INFORMATION] PING SPIKE DETECTED FROM -1ms TO 115 ms 
[2022-05-08 14:52:50] [INFORMATION] LOADING... 
[2022-05-08 14:52:51] [INFORMATION] API STATUS: READY 
[2022-05-08 14:52:51] [INFORMATION] APPLICATION STATUS: LOADING_SUBSYSTEMS 
[2022-05-08 14:52:51] [INFORMATION] --------------------- 
[2022-05-08 14:52:51] [INFORMATION] SYSTEM: DESKTOP-V03JMPS 
[2022-05-08 14:52:51] [INFORMATION] OS: Windows 10 (Version 10.0) amd64 
[2022-05-08 14:52:51] [INFORMATION] DIRECTORY: C:\Users\Leon\Documents\GitHub\discord-bot-java 
[2022-05-08 14:52:51] [INFORMATION] MEMORY-USAGE ALL(JAVA): 7943MB (2084MB) / 17107MB 
[2022-05-08 14:52:51] [INFORMATION] CPU-USAGE JAVA: 16.2% 
[2022-05-08 14:52:51] [INFORMATION] JAVA: 18+36-2087 (C:\Users\Leon\.jdks\openjdk-18) 
[2022-05-08 14:52:51] [INFORMATION] JDK: OpenJDK 64-Bit Server VM 
[2022-05-08 14:52:51] [INFORMATION] NETWORK: true 
[2022-05-08 14:52:51] [INFORMATION] IP: 192.168.179.28 
[2022-05-08 14:52:51] [INFORMATION] --------------------- 
[2022-05-08 14:52:51] [INFORMATION] NAME: ercan can#9080 
[2022-05-08 14:52:51] [INFORMATION] INVITE: https://discord.com/oauth2/authorize?client_id=968181644123045998&scope=bot&permissions=8 
[2022-05-08 14:52:51] [INFORMATION] GATEWAY PING: 115ms 
[2022-05-08 14:52:51] [INFORMATION] CACHE-FLAGS: [ACTIVITY, VOICE_STATE, EMOTE, MEMBER_OVERRIDES, ROLE_TAGS, ONLINE_STATUS] 
[2022-05-08 14:52:51] [INFORMATION] INTENTS: [GUILD_MEMBERS, GUILD_BANS, GUILD_EMOJIS, GUILD_INVITES, GUILD_VOICE_STATES, GUILD_PRESENCES, GUILD_MESSAGES, GUILD_MESSAGE_REACTIONS, DIRECT_MESSAGES, DIRECT_MESSAGE_REACTIONS] 
[2022-05-08 14:52:51] [INFORMATION] ACC-ID: 968181644123045998 
[2022-05-08 14:52:51] [INFORMATION] CREATED: 2022-04-25T16:08:11.904Z 
[2022-05-08 14:52:51] [INFORMATION] OWNER: tr3x#2735 
[2022-05-08 14:52:51] [INFORMATION] DEV-TEAM: [InnereKlasse#6798, Kylx#7843, tr3x#2735] 
[2022-05-08 14:52:51] [INFORMATION] PUBLIC: true 
[2022-05-08 14:52:51] [INFORMATION] VERIFIED: true 
[2022-05-08 14:52:51] [INFORMATION] --------------------- 
[2022-05-08 14:52:51] [INFORMATION] CONFIRM ONLINE 
[2022-05-08 14:53:22] [INFORMATION] Playing Song (https://www.youtube.com/watch?v=jWBTLjysfRg) on (JAVA BOT SERVER) 
[2022-05-08 14:53:29] [INFORMATION] Stopping Song on (JAVA BOT SERVER) 
[2022-05-08 14:53:37] [INFORMATION] Playing Song (https://www.youtube.com/watch?v=m7ewoBS1u84) on (JAVA BOT SERVER) 
[2022-05-08 14:53:43] [INFORMATION] Stopping Song on (JAVA BOT SERVER) 
