[2022-05-06 23:39:27] [INFORMATION] Start to log 
[2022-05-06 23:39:29] [INFORMATION] API is ready 
[2022-05-06 23:39:29] [INFORMATION] --------------------- 
[2022-05-06 23:39:29] [INFORMATION] OS: Windows 10-10.0 
[2022-05-06 23:39:29] [INFORMATION] JAVA: 18+36-2087 (C:\Users\Leon\.jdks\openjdk-18) 
[2022-05-06 23:39:29] [INFORMATION] IP: 192.168.179.28 
[2022-05-06 23:39:29] [INFORMATION] --------------------- 
[2022-05-06 23:39:29] [INFORMATION] BOT NAME: ercan can#9080 
[2022-05-06 23:39:29] [INFORMATION] BOT PING: 117ms 
[2022-05-06 23:39:29] [INFORMATION] --------------------- 
[2022-05-06 23:39:29] [INFORMATION] BOT ONLINE 
[2022-05-06 23:39:59] [INFORMATION] Playing Song (https://www.youtube.com/watch?v=GmFKZ0BIUBM) on (JAVA BOT SERVER) 
[2022-05-06 23:41:42] [INFORMATION] Queued Song (https://www.youtube.com/watch?v=Tryaeq59Dnc) on (JAVA BOT SERVER) 
[2022-05-06 23:41:52] [INFORMATION] Playing Song (https://www.youtube.com/watch?v=Tryaeq59Dnc) on (JAVA BOT SERVER) 
[2022-05-06 23:41:52] [INFORMATION] Skipped Song on (JAVA BOT SERVER) 
[2022-05-06 23:42:43] [INFORMATION] Queued Song (https://www.youtube.com/watch?v=EdaXES3OLwY) on (JAVA BOT SERVER) 
[2022-05-06 23:42:46] [INFORMATION] Playing Song (https://www.youtube.com/watch?v=EdaXES3OLwY) on (JAVA BOT SERVER) 
[2022-05-06 23:42:46] [INFORMATION] Skipped Song on (JAVA BOT SERVER) 
[2022-05-06 23:42:57] [INFORMATION] Playing Song (https://www.youtube.com/watch?v=uqoPnUjjfnE) on (JAVA BOT SERVER) 
[2022-05-06 23:43:01] [INFORMATION] Tried to skip, but queue is empty on (JAVA BOT SERVER) 
[2022-05-06 23:43:05] [INFORMATION] Tried to skip, but queue is empty on (JAVA BOT SERVER) 
[2022-05-06 23:45:36] [INFORMATION] Queued Song (https://www.youtube.com/watch?v=A6g2U728aF0) on (JAVA BOT SERVER) 
[2022-05-06 23:46:00] [INFORMATION] Queued Song (https://www.youtube.com/watch?v=VpbM_dPmyBE) on (JAVA BOT SERVER) 
[2022-05-06 23:46:02] [INFORMATION] Playing Song (https://www.youtube.com/watch?v=A6g2U728aF0) on (JAVA BOT SERVER) 
[2022-05-06 23:46:02] [INFORMATION] Skipped Song on (JAVA BOT SERVER) 
[2022-05-06 23:46:48] [INFORMATION] Playing Song (https://www.youtube.com/watch?v=VpbM_dPmyBE) on (JAVA BOT SERVER) 
[2022-05-06 23:46:48] [INFORMATION] Skipped Song on (JAVA BOT SERVER) 
[2022-05-06 23:48:30] [INFORMATION] Queued Song (https://www.youtube.com/watch?v=0I50Es5qRpo) on (JAVA BOT SERVER) 
[2022-05-06 23:48:42] [INFORMATION] Playing Song (https://www.youtube.com/watch?v=0I50Es5qRpo) on (JAVA BOT SERVER) 
[2022-05-06 23:48:42] [INFORMATION] Skipped Song on (JAVA BOT SERVER) 
[2022-05-06 23:48:47] [INFORMATION] Stopping Song on (JAVA BOT SERVER) 
[2022-05-06 23:49:25] [INFORMATION] No matches (https://www.youtube.com/watch?v=rqNXvtUoVI4 ) on (JAVA BOT SERVER) 
[2022-05-06 23:49:35] [INFORMATION] Playing Song (https://www.youtube.com/watch?v=oFxXg3XT0J4) on (JAVA BOT SERVER) 
[2022-05-06 23:49:39] [INFORMATION] Queued Song (https://www.youtube.com/watch?v=AebsJPV2ZYM) on (JAVA BOT SERVER) 
[2022-05-06 23:49:46] [INFORMATION] Playing Song (https://www.youtube.com/watch?v=AebsJPV2ZYM) on (JAVA BOT SERVER) 
[2022-05-06 23:49:46] [INFORMATION] Skipped Song on (JAVA BOT SERVER) 
[2022-05-06 23:49:53] [INFORMATION] Queued Song (https://www.youtube.com/watch?v=6AJJucfB9gc) on (JAVA BOT SERVER) 
[2022-05-06 23:50:03] [INFORMATION] Queued Song (https://www.youtube.com/watch?v=0I50Es5qRpo) on (JAVA BOT SERVER) 
[2022-05-06 23:51:18] [INFORMATION] No matches (https://www.youtube.com/watch?v=LTEnUMM7Hq4 ) on (JAVA BOT SERVER) 
[2022-05-06 23:51:34] [INFORMATION] Queued Song (https://www.youtube.com/watch?v=6AJJucfB9gc) on (JAVA BOT SERVER) 
[2022-05-06 23:51:39] [INFORMATION] Playing Song (https://www.youtube.com/watch?v=6AJJucfB9gc) on (JAVA BOT SERVER) 
[2022-05-06 23:51:39] [INFORMATION] Skipped Song on (JAVA BOT SERVER) 
[2022-05-06 23:52:16] [INFORMATION] Queued Song (https://www.youtube.com/watch?v=xS3vpBCiL2c) on (JAVA BOT SERVER) 
[2022-05-06 23:52:19] [INFORMATION] Playing Song (https://www.youtube.com/watch?v=0I50Es5qRpo) on (JAVA BOT SERVER) 
[2022-05-06 23:52:19] [INFORMATION] Skipped Song on (JAVA BOT SERVER) 
[2022-05-06 23:52:42] [INFORMATION] Queued Song (https://www.youtube.com/watch?v=xS3vpBCiL2c) on (JAVA BOT SERVER) 
[2022-05-06 23:52:44] [INFORMATION] Playing Song (https://www.youtube.com/watch?v=6AJJucfB9gc) on (JAVA BOT SERVER) 
[2022-05-06 23:52:44] [INFORMATION] Skipped Song on (JAVA BOT SERVER) 
[2022-05-06 23:52:51] [INFORMATION] Playing Song (https://www.youtube.com/watch?v=xS3vpBCiL2c) on (JAVA BOT SERVER) 
[2022-05-06 23:52:51] [INFORMATION] Skipped Song on (JAVA BOT SERVER) 
[2022-05-06 23:52:51] [INFORMATION] Playing Song (https://www.youtube.com/watch?v=xS3vpBCiL2c) on (JAVA BOT SERVER) 
[2022-05-06 23:53:44] [INFORMATION] Queued Song (https://www.youtube.com/watch?v=5h_JkMvcE8k) on (JAVA BOT SERVER) 
[2022-05-06 23:53:52] [INFORMATION] Playing Song (https://www.youtube.com/watch?v=5h_JkMvcE8k) on (JAVA BOT SERVER) 
[2022-05-06 23:53:52] [INFORMATION] Skipped Song on (JAVA BOT SERVER) 
[2022-05-06 23:53:55] [INFORMATION] Queued Song (https://www.youtube.com/watch?v=xS3vpBCiL2c) on (JAVA BOT SERVER) 
[2022-05-06 23:53:57] [INFORMATION] Playing Song (https://www.youtube.com/watch?v=xS3vpBCiL2c) on (JAVA BOT SERVER) 
[2022-05-06 23:53:57] [INFORMATION] Skipped Song on (JAVA BOT SERVER) 
[2022-05-06 23:54:15] [INFORMATION] Queued Song (https://www.youtube.com/watch?v=UDKsyQIzDeY) on (JAVA BOT SERVER) 
[2022-05-06 23:54:18] [INFORMATION] Playing Song (https://www.youtube.com/watch?v=UDKsyQIzDeY) on (JAVA BOT SERVER) 
[2022-05-06 23:54:18] [INFORMATION] Skipped Song on (JAVA BOT SERVER) 
[2022-05-06 23:54:32] [INFORMATION] Queued Song (https://www.youtube.com/watch?v=pPbirTY7bIk) on (JAVA BOT SERVER) 
[2022-05-06 23:54:35] [INFORMATION] Playing Song (https://www.youtube.com/watch?v=pPbirTY7bIk) on (JAVA BOT SERVER) 
[2022-05-06 23:54:35] [INFORMATION] Skipped Song on (JAVA BOT SERVER) 
[2022-05-06 23:54:35] [INFORMATION] Tried to skip, but queue is empty on (JAVA BOT SERVER) 
[2022-05-06 23:54:59] [INFORMATION] Queued Song (https://www.youtube.com/watch?v=Cour15gzjrI) on (JAVA BOT SERVER) 
[2022-05-06 23:55:06] [INFORMATION] Playing Song (https://www.youtube.com/watch?v=Cour15gzjrI) on (JAVA BOT SERVER) 
[2022-05-06 23:55:06] [INFORMATION] Skipped Song on (JAVA BOT SERVER) 
[2022-05-06 23:55:13] [INFORMATION] Queued Song (https://www.youtube.com/watch?v=oFxXg3XT0J4) on (JAVA BOT SERVER) 
[2022-05-06 23:55:15] [INFORMATION] Playing Song (https://www.youtube.com/watch?v=oFxXg3XT0J4) on (JAVA BOT SERVER) 
[2022-05-06 23:55:15] [INFORMATION] Skipped Song on (JAVA BOT SERVER) 
[2022-05-06 23:55:22] [INFORMATION] Stopping Song on (JAVA BOT SERVER) 
[2022-05-06 23:55:31] [INFORMATION] Playing Song (https://www.youtube.com/watch?v=A6g2U728aF0) on (JAVA BOT SERVER) 
[2022-05-06 23:55:44] [INFORMATION] Started Loop for https://www.youtube.com/watch?v=A6g2U728aF0 on (JAVA BOT SERVER) 
[2022-05-06 23:56:03] [INFORMATION] Queued Song (https://www.youtube.com/watch?v=kKpctBHTOGU) on (JAVA BOT SERVER) 
[2022-05-06 23:56:22] [INFORMATION] Playing Song (https://www.youtube.com/watch?v=A6g2U728aF0) on (JAVA BOT SERVER) 
[2022-05-06 23:57:08] [INFORMATION] Queued Song (https://www.youtube.com/watch?v=U9Racui9jJI) on (JAVA BOT SERVER) 
[2022-05-06 23:57:09] [INFORMATION] Playing Song (https://www.youtube.com/watch?v=kKpctBHTOGU) on (JAVA BOT SERVER) 
[2022-05-06 23:57:09] [INFORMATION] Skipped Song on (JAVA BOT SERVER) 
[2022-05-06 23:57:14] [INFORMATION] Stopping Song on (JAVA BOT SERVER) 
[2022-05-06 23:57:55] [INFORMATION] Playing Song (https://www.youtube.com/watch?v=pQV0WEdT_OE) on (JAVA BOT SERVER) 
[2022-05-06 23:57:56] [INFORMATION] Playing Song (https://www.youtube.com/watch?v=pQV0WEdT_OE) on (JAVA BOT SERVER) 
[2022-05-06 23:58:32] [INFORMATION] Queued Song (https://www.youtube.com/watch?v=Tryaeq59Dnc) on (JAVA BOT SERVER) 
[2022-05-06 23:58:33] [INFORMATION] Playing Song (https://www.youtube.com/watch?v=Tryaeq59Dnc) on (JAVA BOT SERVER) 
[2022-05-06 23:58:33] [INFORMATION] Skipped Song on (JAVA BOT SERVER) 
[2022-05-06 23:58:39] [INFORMATION] Pausing Song (https://www.youtube.com/watch?v=Tryaeq59Dnc) on (JAVA BOT SERVER) 
[2022-05-06 23:58:50] [INFORMATION] Queued Song (https://www.youtube.com/watch?v=xS3vpBCiL2c) on (JAVA BOT SERVER) 
[2022-05-06 23:58:52] [INFORMATION] Playing Song (https://www.youtube.com/watch?v=xS3vpBCiL2c) on (JAVA BOT SERVER) 
[2022-05-06 23:58:52] [INFORMATION] Skipped Song on (JAVA BOT SERVER) 
[2022-05-06 23:58:55] [INFORMATION] Started Loop for https://www.youtube.com/watch?v=xS3vpBCiL2c on (JAVA BOT SERVER) 
[2022-05-06 23:58:57] [INFORMATION] Queued Song (https://www.youtube.com/watch?v=4xbcvp0ATAY) on (JAVA BOT SERVER) 
[2022-05-06 23:58:59] [INFORMATION] Started Loop for https://www.youtube.com/watch?v=xS3vpBCiL2c on (JAVA BOT SERVER) 
[2022-05-06 23:59:26] [INFORMATION] Queued Song (https://www.youtube.com/watch?v=U9Mhq5dK_Dk) on (JAVA BOT SERVER) 
[2022-05-06 23:59:27] [INFORMATION] Playing Song (https://www.youtube.com/watch?v=4xbcvp0ATAY) on (JAVA BOT SERVER) 
[2022-05-06 23:59:27] [INFORMATION] Skipped Song on (JAVA BOT SERVER) 
[2022-05-06 23:59:34] [INFORMATION] Queued Song (https://www.youtube.com/watch?v=rcVb6l4TpHw) on (JAVA BOT SERVER) 
[2022-05-06 23:59:37] [INFORMATION] Playing Song (https://www.youtube.com/watch?v=U9Mhq5dK_Dk) on (JAVA BOT SERVER) 
[2022-05-06 23:59:37] [INFORMATION] Skipped Song on (JAVA BOT SERVER) 
[2022-05-07 00:00:19] [INFORMATION] Queued Song (https://www.youtube.com/watch?v=S--WI8PUVVo) on (JAVA BOT SERVER) 
[2022-05-07 00:00:20] [INFORMATION] Playing Song (https://www.youtube.com/watch?v=rcVb6l4TpHw) on (JAVA BOT SERVER) 
[2022-05-07 00:00:20] [INFORMATION] Skipped Song on (JAVA BOT SERVER) 
[2022-05-07 00:01:01] [INFORMATION] Playing Song (https://www.youtube.com/watch?v=S--WI8PUVVo) on (JAVA BOT SERVER) 
[2022-05-07 00:01:01] [INFORMATION] Skipped Song on (JAVA BOT SERVER) 
[2022-05-07 00:01:34] [INFORMATION] Queued Song (https://www.youtube.com/watch?v=QvlOV-EvDNM) on (JAVA BOT SERVER) 
[2022-05-07 00:02:04] [INFORMATION] Queued Song (https://www.youtube.com/watch?v=nTIZz5Tdqb4) on (JAVA BOT SERVER) 
[2022-05-07 00:02:07] [INFORMATION] Playing Song (https://www.youtube.com/watch?v=QvlOV-EvDNM) on (JAVA BOT SERVER) 
[2022-05-07 00:02:07] [INFORMATION] Skipped Song on (JAVA BOT SERVER) 
[2022-05-07 00:02:58] [INFORMATION] Queued Song (https://www.youtube.com/watch?v=dq6Q_uaJF4k) on (JAVA BOT SERVER) 
[2022-05-07 00:03:10] [INFORMATION] Playing Song (https://www.youtube.com/watch?v=nTIZz5Tdqb4) on (JAVA BOT SERVER) 
[2022-05-07 00:03:10] [INFORMATION] Skipped Song on (JAVA BOT SERVER) 
[2022-05-07 00:03:19] [INFORMATION] Started Loop for https://www.youtube.com/watch?v=nTIZz5Tdqb4 on (JAVA BOT SERVER) 
[2022-05-07 00:03:21] [INFORMATION] Started Loop for https://www.youtube.com/watch?v=nTIZz5Tdqb4 on (JAVA BOT SERVER) 
[2022-05-07 00:03:23] [INFORMATION] Started Loop for https://www.youtube.com/watch?v=nTIZz5Tdqb4 on (JAVA BOT SERVER) 
[2022-05-07 00:03:24] [INFORMATION] Playing Song (https://www.youtube.com/watch?v=dq6Q_uaJF4k) on (JAVA BOT SERVER) 
[2022-05-07 00:03:24] [INFORMATION] Skipped Song on (JAVA BOT SERVER) 
[2022-05-07 00:03:35] [INFORMATION] Queued Song (https://www.youtube.com/watch?v=dq6Q_uaJF4k) on (JAVA BOT SERVER) 
[2022-05-07 00:03:36] [INFORMATION] Playing Song (https://www.youtube.com/watch?v=dq6Q_uaJF4k) on (JAVA BOT SERVER) 
[2022-05-07 00:03:36] [INFORMATION] Skipped Song on (JAVA BOT SERVER) 
[2022-05-07 00:04:31] [INFORMATION] Queued Song (https://www.youtube.com/watch?v=Cour15gzjrI) on (JAVA BOT SERVER) 
[2022-05-07 00:04:33] [INFORMATION] Playing Song (https://www.youtube.com/watch?v=Cour15gzjrI) on (JAVA BOT SERVER) 
[2022-05-07 00:04:33] [INFORMATION] Skipped Song on (JAVA BOT SERVER) 
[2022-05-07 00:05:02] [INFORMATION] Queued Song (https://www.youtube.com/watch?v=N2LPTvuIQ5U) on (JAVA BOT SERVER) 
[2022-05-07 00:05:03] [INFORMATION] Queued Song (https://www.youtube.com/watch?v=dp1KCxEvgAU) on (JAVA BOT SERVER) 
[2022-05-07 00:05:04] [INFORMATION] Playing Song (https://www.youtube.com/watch?v=N2LPTvuIQ5U) on (JAVA BOT SERVER) 
[2022-05-07 00:05:04] [INFORMATION] Skipped Song on (JAVA BOT SERVER) 
[2022-05-07 00:05:08] [INFORMATION] Playing Song (https://www.youtube.com/watch?v=dp1KCxEvgAU) on (JAVA BOT SERVER) 
[2022-05-07 00:05:08] [INFORMATION] Skipped Song on (JAVA BOT SERVER) 
[2022-05-07 00:05:26] [INFORMATION] Queued Song (https://www.youtube.com/watch?v=N2LPTvuIQ5U) on (JAVA BOT SERVER) 
[2022-05-07 00:05:30] [INFORMATION] Playing Song (https://www.youtube.com/watch?v=N2LPTvuIQ5U) on (JAVA BOT SERVER) 
[2022-05-07 00:05:30] [INFORMATION] Skipped Song on (JAVA BOT SERVER) 
[2022-05-07 00:05:39] [INFORMATION] Queued Song (https://www.youtube.com/watch?v=Z4ZrzuZLuC4) on (JAVA BOT SERVER) 
[2022-05-07 00:05:39] [INFORMATION] Unexpected (com.sedmelluq.discord.lavaplayer.tools.FriendlyException: Not a valid URL.) on (JAVA BOT SERVER) 
[2022-05-07 00:05:50] [INFORMATION] Queued Song (https://www.youtube.com/watch?v=Z4ZrzuZLuC4) on (JAVA BOT SERVER) 
[2022-05-07 00:05:50] [INFORMATION] Queued Song (https://www.youtube.com/watch?v=iP-duPm7bnw) on (JAVA BOT SERVER) 
[2022-05-07 00:05:52] [INFORMATION] Playing Song (https://www.youtube.com/watch?v=Z4ZrzuZLuC4) on (JAVA BOT SERVER) 
[2022-05-07 00:05:52] [INFORMATION] Skipped Song on (JAVA BOT SERVER) 
[2022-05-07 00:08:10] [INFORMATION] Queued Song (https://www.youtube.com/watch?v=uhLfceZKVko) on (JAVA BOT SERVER) 
[2022-05-07 00:09:43] [INFORMATION] Queued Song (https://www.youtube.com/watch?v=4266mDmuxJI) on (JAVA BOT SERVER) 
[2022-05-07 00:09:46] [INFORMATION] Playing Song (https://www.youtube.com/watch?v=Z4ZrzuZLuC4) on (JAVA BOT SERVER) 
[2022-05-07 00:09:46] [INFORMATION] Skipped Song on (JAVA BOT SERVER) 
[2022-05-07 00:09:54] [INFORMATION] Playing Song (https://www.youtube.com/watch?v=iP-duPm7bnw) on (JAVA BOT SERVER) 
[2022-05-07 00:09:54] [INFORMATION] Skipped Song on (JAVA BOT SERVER) 
[2022-05-07 00:11:01] [INFORMATION] Playing Song (https://www.youtube.com/watch?v=uhLfceZKVko) on (JAVA BOT SERVER) 
[2022-05-07 00:11:01] [INFORMATION] Skipped Song on (JAVA BOT SERVER) 
[2022-05-07 00:11:13] [INFORMATION] Queued Song (https://www.youtube.com/watch?v=yAV_lFmK0_g) on (JAVA BOT SERVER) 
[2022-05-07 00:12:37] [INFORMATION] Queued Song (https://www.youtube.com/watch?v=4HR8yoSUBr0) on (JAVA BOT SERVER) 
[2022-05-07 00:12:41] [INFORMATION] Playing Song (https://www.youtube.com/watch?v=4266mDmuxJI) on (JAVA BOT SERVER) 
[2022-05-07 00:12:41] [INFORMATION] Skipped Song on (JAVA BOT SERVER) 
[2022-05-07 00:13:39] [INFORMATION] Playing Song (https://www.youtube.com/watch?v=yAV_lFmK0_g) on (JAVA BOT SERVER) 
[2022-05-07 00:13:39] [INFORMATION] Skipped Song on (JAVA BOT SERVER) 
[2022-05-07 00:13:44] [INFORMATION] Playing Song (https://www.youtube.com/watch?v=4HR8yoSUBr0) on (JAVA BOT SERVER) 
[2022-05-07 00:13:44] [INFORMATION] Skipped Song on (JAVA BOT SERVER) 
[2022-05-07 00:14:08] [INFORMATION] Queued Song (https://www.youtube.com/watch?v=0OxYI17GIdc) on (JAVA BOT SERVER) 
[2022-05-07 00:14:10] [INFORMATION] Playing Song (https://www.youtube.com/watch?v=0OxYI17GIdc) on (JAVA BOT SERVER) 
[2022-05-07 00:14:10] [INFORMATION] Skipped Song on (JAVA BOT SERVER) 
[2022-05-07 00:15:02] [INFORMATION] Queued Song (https://www.youtube.com/watch?v=BNORkjGS_W0) on (JAVA BOT SERVER) 
[2022-05-07 00:15:05] [INFORMATION] Playing Song (https://www.youtube.com/watch?v=BNORkjGS_W0) on (JAVA BOT SERVER) 
[2022-05-07 00:15:05] [INFORMATION] Skipped Song on (JAVA BOT SERVER) 
[2022-05-07 00:16:32] [INFORMATION] Queued Song (https://www.youtube.com/watch?v=7aEUakKMLBs) on (JAVA BOT SERVER) 
[2022-05-07 00:16:35] [INFORMATION] Playing Song (https://www.youtube.com/watch?v=7aEUakKMLBs) on (JAVA BOT SERVER) 
[2022-05-07 00:16:35] [INFORMATION] Skipped Song on (JAVA BOT SERVER) 
[2022-05-07 00:16:50] [INFORMATION] Queued Song (https://www.youtube.com/watch?v=D8EMdr6nsQU) on (JAVA BOT SERVER) 
[2022-05-07 00:16:55] [INFORMATION] Playing Song (https://www.youtube.com/watch?v=D8EMdr6nsQU) on (JAVA BOT SERVER) 
[2022-05-07 00:16:55] [INFORMATION] Skipped Song on (JAVA BOT SERVER) 
[2022-05-07 00:16:59] [INFORMATION] Queued Song (https://www.youtube.com/watch?v=vkbrTSNdOVA) on (JAVA BOT SERVER) 
[2022-05-07 00:17:02] [INFORMATION] Playing Song (https://www.youtube.com/watch?v=vkbrTSNdOVA) on (JAVA BOT SERVER) 
[2022-05-07 00:17:02] [INFORMATION] Skipped Song on (JAVA BOT SERVER) 
[2022-05-07 00:17:22] [INFORMATION] Queued Song (https://www.youtube.com/watch?v=EdaXES3OLwY) on (JAVA BOT SERVER) 
[2022-05-07 00:17:41] [INFORMATION] Pausing Song (https://www.youtube.com/watch?v=vkbrTSNdOVA) on (JAVA BOT SERVER) 
[2022-05-07 00:18:05] [INFORMATION] Resuming https://www.youtube.com/watch?v=vkbrTSNdOVA on (JAVA BOT SERVER) 
[2022-05-07 00:18:09] [INFORMATION] Pausing Song (https://www.youtube.com/watch?v=vkbrTSNdOVA) on (JAVA BOT SERVER) 
[2022-05-07 00:18:11] [INFORMATION] Resuming https://www.youtube.com/watch?v=vkbrTSNdOVA on (JAVA BOT SERVER) 
[2022-05-07 00:18:45] [INFORMATION] Queued Song (https://www.youtube.com/watch?v=vkbrTSNdOVA) on (JAVA BOT SERVER) 
[2022-05-07 00:18:50] [INFORMATION] Playing Song (https://www.youtube.com/watch?v=EdaXES3OLwY) on (JAVA BOT SERVER) 
[2022-05-07 00:18:50] [INFORMATION] Skipped Song on (JAVA BOT SERVER) 
[2022-05-07 00:18:54] [INFORMATION] Playing Song (https://www.youtube.com/watch?v=vkbrTSNdOVA) on (JAVA BOT SERVER) 
[2022-05-07 00:18:54] [INFORMATION] Skipped Song on (JAVA BOT SERVER) 
[2022-05-07 00:18:57] [INFORMATION] Queued Song (https://www.youtube.com/watch?v=8sYK7lm3UKg) on (JAVA BOT SERVER) 
[2022-05-07 00:19:00] [INFORMATION] Playing Song (https://www.youtube.com/watch?v=8sYK7lm3UKg) on (JAVA BOT SERVER) 
[2022-05-07 00:19:00] [INFORMATION] Skipped Song on (JAVA BOT SERVER) 
[2022-05-07 00:19:08] [INFORMATION] Queued Song (https://www.youtube.com/watch?v=neqC6alOv5s) on (JAVA BOT SERVER) 
[2022-05-07 00:19:10] [INFORMATION] Playing Song (https://www.youtube.com/watch?v=neqC6alOv5s) on (JAVA BOT SERVER) 
[2022-05-07 00:19:10] [INFORMATION] Skipped Song on (JAVA BOT SERVER) 
[2022-05-07 00:19:55] [INFORMATION] Queued Song (https://www.youtube.com/watch?v=wjRe4ls46pI) on (JAVA BOT SERVER) 
[2022-05-07 00:19:57] [INFORMATION] Playing Song (https://www.youtube.com/watch?v=wjRe4ls46pI) on (JAVA BOT SERVER) 
[2022-05-07 00:19:57] [INFORMATION] Skipped Song on (JAVA BOT SERVER) 
[2022-05-07 00:20:31] [INFORMATION] Queued Song (https://www.youtube.com/watch?v=orSRAs065FQ) on (JAVA BOT SERVER) 
[2022-05-07 00:20:34] [INFORMATION] Started Loop for https://www.youtube.com/watch?v=wjRe4ls46pI on (JAVA BOT SERVER) 
[2022-05-07 00:20:35] [INFORMATION] Started Loop for https://www.youtube.com/watch?v=wjRe4ls46pI on (JAVA BOT SERVER) 
[2022-05-07 00:20:37] [INFORMATION] Playing Song (https://www.youtube.com/watch?v=orSRAs065FQ) on (JAVA BOT SERVER) 
[2022-05-07 00:20:37] [INFORMATION] Skipped Song on (JAVA BOT SERVER) 
[2022-05-07 00:20:56] [INFORMATION] Queued Song (https://www.youtube.com/watch?v=vBriggXYZ0A) on (JAVA BOT SERVER) 
[2022-05-07 00:20:57] [INFORMATION] Playing Song (https://www.youtube.com/watch?v=vBriggXYZ0A) on (JAVA BOT SERVER) 
[2022-05-07 00:20:57] [INFORMATION] Skipped Song on (JAVA BOT SERVER) 
[2022-05-07 00:21:06] [INFORMATION] Queued Song (https://www.youtube.com/watch?v=D8EMdr6nsQU) on (JAVA BOT SERVER) 
[2022-05-07 00:21:08] [INFORMATION] Playing Song (https://www.youtube.com/watch?v=D8EMdr6nsQU) on (JAVA BOT SERVER) 
[2022-05-07 00:21:08] [INFORMATION] Skipped Song on (JAVA BOT SERVER) 
[2022-05-07 00:24:05] [INFORMATION] Started Loop for https://www.youtube.com/watch?v=D8EMdr6nsQU on (JAVA BOT SERVER) 
[2022-05-07 00:24:35] [INFORMATION] Playing Song (https://www.youtube.com/watch?v=D8EMdr6nsQU) on (JAVA BOT SERVER) 
[2022-05-07 00:24:47] [INFORMATION] Started Loop for https://www.youtube.com/watch?v=D8EMdr6nsQU on (JAVA BOT SERVER) 
[2022-05-07 00:24:53] [INFORMATION] Started Loop for https://www.youtube.com/watch?v=D8EMdr6nsQU on (JAVA BOT SERVER) 
[2022-05-07 00:25:56] [INFORMATION] Started Loop for https://www.youtube.com/watch?v=D8EMdr6nsQU on (JAVA BOT SERVER) 
[2022-05-07 00:26:03] [INFORMATION] Queued Song (https://www.youtube.com/watch?v=ng5lE_tyOsI) on (JAVA BOT SERVER) 
[2022-05-07 00:26:07] [INFORMATION] Playing Song (https://www.youtube.com/watch?v=ng5lE_tyOsI) on (JAVA BOT SERVER) 
[2022-05-07 00:26:07] [INFORMATION] Skipped Song on (JAVA BOT SERVER) 
[2022-05-07 00:26:22] [INFORMATION] Queued Song (https://www.youtube.com/watch?v=vkbrTSNdOVA) on (JAVA BOT SERVER) 
[2022-05-07 00:26:24] [INFORMATION] Playing Song (https://www.youtube.com/watch?v=vkbrTSNdOVA) on (JAVA BOT SERVER) 
[2022-05-07 00:26:24] [INFORMATION] Skipped Song on (JAVA BOT SERVER) 
[2022-05-07 00:26:30] [INFORMATION] Queued Song (https://www.youtube.com/watch?v=6AJJucfB9gc) on (JAVA BOT SERVER) 
[2022-05-07 00:26:32] [INFORMATION] Playing Song (https://www.youtube.com/watch?v=6AJJucfB9gc) on (JAVA BOT SERVER) 
[2022-05-07 00:26:32] [INFORMATION] Skipped Song on (JAVA BOT SERVER) 
[2022-05-07 00:26:36] [INFORMATION] Queued Song (https://www.youtube.com/watch?v=vkbrTSNdOVA) on (JAVA BOT SERVER) 
[2022-05-07 00:26:39] [INFORMATION] Playing Song (https://www.youtube.com/watch?v=vkbrTSNdOVA) on (JAVA BOT SERVER) 
[2022-05-07 00:26:39] [INFORMATION] Skipped Song on (JAVA BOT SERVER) 
[2022-05-07 00:26:45] [INFORMATION] Queued Song (https://www.youtube.com/watch?v=6AJJucfB9gc) on (JAVA BOT SERVER) 
[2022-05-07 00:26:48] [INFORMATION] Playing Song (https://www.youtube.com/watch?v=6AJJucfB9gc) on (JAVA BOT SERVER) 
[2022-05-07 00:26:48] [INFORMATION] Skipped Song on (JAVA BOT SERVER) 
[2022-05-07 00:27:02] [INFORMATION] Queued Song (https://www.youtube.com/watch?v=vkbrTSNdOVA) on (JAVA BOT SERVER) 
[2022-05-07 00:27:04] [INFORMATION] Playing Song (https://www.youtube.com/watch?v=vkbrTSNdOVA) on (JAVA BOT SERVER) 
[2022-05-07 00:27:05] [INFORMATION] Skipped Song on (JAVA BOT SERVER) 
[2022-05-07 00:27:12] [INFORMATION] No matches (https://youtu.be/rqNXvtUoVI4 ) on (JAVA BOT SERVER) 
[2022-05-07 00:27:30] [INFORMATION] Queued Song (https://www.youtube.com/watch?v=A6g2U728aF0) on (JAVA BOT SERVER) 
[2022-05-07 00:27:33] [INFORMATION] Playing Song (https://www.youtube.com/watch?v=A6g2U728aF0) on (JAVA BOT SERVER) 
[2022-05-07 00:27:33] [INFORMATION] Skipped Song on (JAVA BOT SERVER) 
[2022-05-07 00:27:35] [INFORMATION] Started Loop for https://www.youtube.com/watch?v=A6g2U728aF0 on (JAVA BOT SERVER) 
[2022-05-07 00:28:15] [INFORMATION] Started Loop for https://www.youtube.com/watch?v=A6g2U728aF0 on (JAVA BOT SERVER) 
[2022-05-07 00:28:22] [INFORMATION] Queued Song (https://www.youtube.com/watch?v=A6g2U728aF0) on (JAVA BOT SERVER) 
[2022-05-07 00:28:24] [INFORMATION] Playing Song (https://www.youtube.com/watch?v=A6g2U728aF0) on (JAVA BOT SERVER) 
[2022-05-07 00:28:34] [INFORMATION] Queued Song (https://www.youtube.com/watch?v=A6g2U728aF0) on (JAVA BOT SERVER) 
[2022-05-07 00:29:16] [INFORMATION] Playing Song (https://www.youtube.com/watch?v=A6g2U728aF0) on (JAVA BOT SERVER) 
[2022-05-07 00:29:49] [INFORMATION] Tried to skip, but queue is empty on (JAVA BOT SERVER) 
[2022-05-07 00:30:20] [INFORMATION] Playing Song (https://www.youtube.com/watch?v=VpbM_dPmyBE) on (JAVA BOT SERVER) 
[2022-05-07 00:31:13] [INFORMATION] Queued Song (https://www.youtube.com/watch?v=sMy-T8RJAo0) on (JAVA BOT SERVER) 
[2022-05-07 00:31:34] [INFORMATION] Queued Song (https://www.youtube.com/watch?v=BNORkjGS_W0) on (JAVA BOT SERVER) 
[2022-05-07 00:50:12] [INFORMATION] Playing Song (https://www.youtube.com/watch?v=VpbM_dPmyBE) on (JAVA BOT SERVER) 
[2022-05-07 00:50:13] [INFORMATION] Playing Song (https://www.youtube.com/watch?v=sMy-T8RJAo0) on (JAVA BOT SERVER) 
[2022-05-07 00:50:21] [INFORMATION] Pausing Song (https://www.youtube.com/watch?v=sMy-T8RJAo0) on (JAVA BOT SERVER) 
[2022-05-07 00:50:27] [INFORMATION] Queued Song (https://www.youtube.com/watch?v=VpbM_dPmyBE) on (JAVA BOT SERVER) 
[2022-05-07 00:50:38] [INFORMATION] Queued Song (https://www.youtube.com/watch?v=VpbM_dPmyBE) on (JAVA BOT SERVER) 
[2022-05-07 00:50:40] [INFORMATION] Playing Song (https://www.youtube.com/watch?v=BNORkjGS_W0) on (JAVA BOT SERVER) 
[2022-05-07 00:50:40] [INFORMATION] Skipped Song on (JAVA BOT SERVER) 
[2022-05-07 01:00:10] [INFORMATION] Playing Song (https://www.youtube.com/watch?v=jQl5RuhO9ko) on (JAVA BOT SERVER) 
[2022-05-07 01:00:43] [INFORMATION] Queued Song (https://www.youtube.com/watch?v=VpbM_dPmyBE) on (JAVA BOT SERVER) 
[2022-05-07 01:00:45] [INFORMATION] Playing Song (https://www.youtube.com/watch?v=VpbM_dPmyBE) on (JAVA BOT SERVER) 
[2022-05-07 01:00:45] [INFORMATION] Skipped Song on (JAVA BOT SERVER) 
[2022-05-07 01:00:56] [INFORMATION] Queued Song (https://www.youtube.com/watch?v=Pl30p0L0AgY) on (JAVA BOT SERVER) 
[2022-05-07 01:00:58] [INFORMATION] Playing Song (https://www.youtube.com/watch?v=VpbM_dPmyBE) on (JAVA BOT SERVER) 
[2022-05-07 01:00:58] [INFORMATION] Skipped Song on (JAVA BOT SERVER) 
[2022-05-07 01:01:03] [INFORMATION] Playing Song (https://www.youtube.com/watch?v=VpbM_dPmyBE) on (JAVA BOT SERVER) 
[2022-05-07 01:01:03] [INFORMATION] Skipped Song on (JAVA BOT SERVER) 
[2022-05-07 01:01:06] [INFORMATION] Playing Song (https://www.youtube.com/watch?v=Pl30p0L0AgY) on (JAVA BOT SERVER) 
[2022-05-07 01:01:06] [INFORMATION] Skipped Song on (JAVA BOT SERVER) 
[2022-05-07 01:01:13] [INFORMATION] Pausing Song (https://www.youtube.com/watch?v=Pl30p0L0AgY) on (JAVA BOT SERVER) 
[2022-05-07 01:01:17] [INFORMATION] Resuming https://www.youtube.com/watch?v=Pl30p0L0AgY on (JAVA BOT SERVER) 
[2022-05-07 01:01:56] [INFORMATION] Queued Song (https://www.youtube.com/watch?v=_SByVjOimSY) on (JAVA BOT SERVER) 
[2022-05-07 01:01:58] [INFORMATION] Playing Song (https://www.youtube.com/watch?v=_SByVjOimSY) on (JAVA BOT SERVER) 
[2022-05-07 01:01:58] [INFORMATION] Skipped Song on (JAVA BOT SERVER) 
[2022-05-07 01:02:28] [INFORMATION] Queued Song (https://www.youtube.com/watch?v=fgvCf2groqc) on (JAVA BOT SERVER) 
[2022-05-07 01:02:30] [INFORMATION] Playing Song (https://www.youtube.com/watch?v=fgvCf2groqc) on (JAVA BOT SERVER) 
[2022-05-07 01:02:30] [INFORMATION] Skipped Song on (JAVA BOT SERVER) 
[2022-05-07 01:06:50] [INFORMATION] Queued Song (https://www.youtube.com/watch?v=VpbM_dPmyBE) on (JAVA BOT SERVER) 
[2022-05-07 01:06:53] [INFORMATION] Playing Song (https://www.youtube.com/watch?v=VpbM_dPmyBE) on (JAVA BOT SERVER) 
[2022-05-07 01:06:53] [INFORMATION] Skipped Song on (JAVA BOT SERVER) 
[2022-05-07 01:06:55] [INFORMATION] Tried to skip, but queue is empty on (JAVA BOT SERVER) 
[2022-05-07 01:07:10] [INFORMATION] Queued Song (https://www.youtube.com/watch?v=OZQjtX3volg) on (JAVA BOT SERVER) 
[2022-05-07 01:07:12] [INFORMATION] Playing Song (https://www.youtube.com/watch?v=OZQjtX3volg) on (JAVA BOT SERVER) 
[2022-05-07 01:07:12] [INFORMATION] Skipped Song on (JAVA BOT SERVER) 
[2022-05-07 01:07:35] [INFORMATION] Queued Song (https://www.youtube.com/watch?v=vlR2Sh7YLp8) on (JAVA BOT SERVER) 
[2022-05-07 01:07:38] [INFORMATION] Playing Song (https://www.youtube.com/watch?v=vlR2Sh7YLp8) on (JAVA BOT SERVER) 
[2022-05-07 01:07:38] [INFORMATION] Skipped Song on (JAVA BOT SERVER) 
[2022-05-07 01:09:00] [INFORMATION] Queued Song (https://www.youtube.com/watch?v=UN6oMdALC_8) on (JAVA BOT SERVER) 
[2022-05-07 01:09:02] [INFORMATION] Playing Song (https://www.youtube.com/watch?v=UN6oMdALC_8) on (JAVA BOT SERVER) 
[2022-05-07 01:09:02] [INFORMATION] Skipped Song on (JAVA BOT SERVER) 
[2022-05-07 01:09:53] [INFORMATION] Queued Song (https://www.youtube.com/watch?v=Lq2TmRzg19k) on (JAVA BOT SERVER) 
[2022-05-07 01:09:56] [INFORMATION] Playing Song (https://www.youtube.com/watch?v=Lq2TmRzg19k) on (JAVA BOT SERVER) 
[2022-05-07 01:09:56] [INFORMATION] Skipped Song on (JAVA BOT SERVER) 
[2022-05-07 01:10:16] [INFORMATION] Queued Song (https://www.youtube.com/watch?v=75P_rhOhvyE) on (JAVA BOT SERVER) 
[2022-05-07 01:10:19] [INFORMATION] Playing Song (https://www.youtube.com/watch?v=75P_rhOhvyE) on (JAVA BOT SERVER) 
[2022-05-07 01:10:19] [INFORMATION] Skipped Song on (JAVA BOT SERVER) 
[2022-05-07 01:10:49] [INFORMATION] Playing Song (https://www.youtube.com/watch?v=A2ybL3TtDRs) on (JAVA BOT SERVER) 
[2022-05-07 01:10:51] [INFORMATION] Pausing Song (https://www.youtube.com/watch?v=A2ybL3TtDRs) on (JAVA BOT SERVER) 
[2022-05-07 01:10:53] [INFORMATION] Resuming https://www.youtube.com/watch?v=A2ybL3TtDRs on (JAVA BOT SERVER) 
[2022-05-07 01:12:10] [INFORMATION] Queued Song (https://www.youtube.com/watch?v=C8t5zxVhE18) on (JAVA BOT SERVER) 
[2022-05-07 01:12:13] [INFORMATION] Playing Song (https://www.youtube.com/watch?v=C8t5zxVhE18) on (JAVA BOT SERVER) 
[2022-05-07 01:12:13] [INFORMATION] Skipped Song on (JAVA BOT SERVER) 
[2022-05-07 01:12:55] [INFORMATION] Queued Song (https://www.youtube.com/watch?v=kaeXKSiQG7c) on (JAVA BOT SERVER) 
[2022-05-07 01:12:57] [INFORMATION] Playing Song (https://www.youtube.com/watch?v=kaeXKSiQG7c) on (JAVA BOT SERVER) 
[2022-05-07 01:12:57] [INFORMATION] Skipped Song on (JAVA BOT SERVER) 
[2022-05-07 01:13:12] [INFORMATION] Queued Song (https://www.youtube.com/watch?v=C8t5zxVhE18) on (JAVA BOT SERVER) 
[2022-05-07 01:13:13] [INFORMATION] Playing Song (https://www.youtube.com/watch?v=C8t5zxVhE18) on (JAVA BOT SERVER) 
[2022-05-07 01:13:13] [INFORMATION] Skipped Song on (JAVA BOT SERVER) 
[2022-05-07 01:13:17] [INFORMATION] Pausing Song (https://www.youtube.com/watch?v=C8t5zxVhE18) on (JAVA BOT SERVER) 
[2022-05-07 01:13:25] [INFORMATION] Queued Song (https://www.youtube.com/watch?v=j3BZgVovLG0) on (JAVA BOT SERVER) 
[2022-05-07 01:13:27] [INFORMATION] Playing Song (https://www.youtube.com/watch?v=j3BZgVovLG0) on (JAVA BOT SERVER) 
[2022-05-07 01:13:27] [INFORMATION] Skipped Song on (JAVA BOT SERVER) 
[2022-05-07 01:13:44] [INFORMATION] Stopping Song on (JAVA BOT SERVER) 
[2022-05-07 01:14:09] [INFORMATION] Playing Song (https://www.youtube.com/watch?v=VpbM_dPmyBE) on (JAVA BOT SERVER) 
[2022-05-07 01:14:12] [INFORMATION] Started Loop for https://www.youtube.com/watch?v=VpbM_dPmyBE on (JAVA BOT SERVER) 
[2022-05-07 01:30:03] [INFORMATION] Queued Song (https://www.youtube.com/watch?v=KI1Qpuv_z_U) on (JAVA BOT SERVER) 
[2022-05-07 01:30:26] [INFORMATION] Queued Song (https://www.youtube.com/watch?v=AD_TWloJ310) on (JAVA BOT SERVER) 
[2022-05-07 01:30:27] [INFORMATION] Playing Song (https://www.youtube.com/watch?v=KI1Qpuv_z_U) on (JAVA BOT SERVER) 
[2022-05-07 01:30:27] [INFORMATION] Skipped Song on (JAVA BOT SERVER) 
[2022-05-07 01:30:34] [INFORMATION] Playing Song (https://www.youtube.com/watch?v=AD_TWloJ310) on (JAVA BOT SERVER) 
[2022-05-07 01:30:34] [INFORMATION] Skipped Song on (JAVA BOT SERVER) 
[2022-05-07 01:31:15] [INFORMATION] Queued Song (https://www.youtube.com/watch?v=rFtIoP5ufWs) on (JAVA BOT SERVER) 
[2022-05-07 01:31:17] [INFORMATION] Playing Song (https://www.youtube.com/watch?v=rFtIoP5ufWs) on (JAVA BOT SERVER) 
[2022-05-07 01:31:17] [INFORMATION] Skipped Song on (JAVA BOT SERVER) 
[2022-05-07 01:31:54] [INFORMATION] Queued Song (https://www.youtube.com/watch?v=Sz5xIxUzh48) on (JAVA BOT SERVER) 
[2022-05-07 01:31:56] [INFORMATION] Queued Song (https://www.youtube.com/watch?v=k1q2pmnVXZI) on (JAVA BOT SERVER) 
[2022-05-07 01:31:58] [INFORMATION] Playing Song (https://www.youtube.com/watch?v=Sz5xIxUzh48) on (JAVA BOT SERVER) 
[2022-05-07 01:31:58] [INFORMATION] Skipped Song on (JAVA BOT SERVER) 
[2022-05-07 01:32:22] [INFORMATION] Playing Song (https://www.youtube.com/watch?v=k1q2pmnVXZI) on (JAVA BOT SERVER) 
[2022-05-07 01:32:22] [INFORMATION] Skipped Song on (JAVA BOT SERVER) 
[2022-05-07 01:32:41] [INFORMATION] Queued Song (https://www.youtube.com/watch?v=Sz5xIxUzh48) on (JAVA BOT SERVER) 
[2022-05-07 01:32:53] [INFORMATION] Queued Song (https://www.youtube.com/watch?v=sxQHshSaCQs) on (JAVA BOT SERVER) 
[2022-05-07 01:32:55] [INFORMATION] Playing Song (https://www.youtube.com/watch?v=Sz5xIxUzh48) on (JAVA BOT SERVER) 
[2022-05-07 01:32:55] [INFORMATION] Skipped Song on (JAVA BOT SERVER) 
[2022-05-07 01:32:58] [INFORMATION] Playing Song (https://www.youtube.com/watch?v=sxQHshSaCQs) on (JAVA BOT SERVER) 
[2022-05-07 01:32:58] [INFORMATION] Skipped Song on (JAVA BOT SERVER) 
[2022-05-07 01:33:19] [INFORMATION] Queued Song (https://www.youtube.com/watch?v=skn7T_XPQnY) on (JAVA BOT SERVER) 
[2022-05-07 01:33:21] [INFORMATION] Playing Song (https://www.youtube.com/watch?v=skn7T_XPQnY) on (JAVA BOT SERVER) 
[2022-05-07 01:33:21] [INFORMATION] Skipped Song on (JAVA BOT SERVER) 
[2022-05-07 01:33:50] [INFORMATION] Queued Song (https://www.youtube.com/watch?v=FPY5oTWMt3A) on (JAVA BOT SERVER) 
[2022-05-07 01:33:52] [INFORMATION] Playing Song (https://www.youtube.com/watch?v=FPY5oTWMt3A) on (JAVA BOT SERVER) 
[2022-05-07 01:33:52] [INFORMATION] Skipped Song on (JAVA BOT SERVER) 
[2022-05-07 01:35:16] [INFORMATION] Queued Song (https://www.youtube.com/watch?v=jeYUEB3vQN0) on (JAVA BOT SERVER) 
[2022-05-07 01:35:19] [INFORMATION] Playing Song (https://www.youtube.com/watch?v=jeYUEB3vQN0) on (JAVA BOT SERVER) 
[2022-05-07 01:35:19] [INFORMATION] Skipped Song on (JAVA BOT SERVER) 
[2022-05-07 01:36:24] [INFORMATION] Queued Song (https://www.youtube.com/watch?v=PTQS-NlcuGI) on (JAVA BOT SERVER) 
[2022-05-07 01:36:26] [INFORMATION] Playing Song (https://www.youtube.com/watch?v=PTQS-NlcuGI) on (JAVA BOT SERVER) 
[2022-05-07 01:36:26] [INFORMATION] Skipped Song on (JAVA BOT SERVER) 
[2022-05-07 01:39:34] [INFORMATION] Queued Song (https://www.youtube.com/watch?v=Lq2TmRzg19k) on (JAVA BOT SERVER) 
[2022-05-07 01:40:00] [INFORMATION] Queued Song (https://www.youtube.com/watch?v=vqb0Qc_Cr9Q) on (JAVA BOT SERVER) 
[2022-05-07 01:41:07] [INFORMATION] Queued Song (https://www.youtube.com/watch?v=psn_rs_a5O0) on (JAVA BOT SERVER) 
[2022-05-07 01:41:08] [INFORMATION] Playing Song (https://www.youtube.com/watch?v=Lq2TmRzg19k) on (JAVA BOT SERVER) 
[2022-05-07 01:41:08] [INFORMATION] Skipped Song on (JAVA BOT SERVER) 
[2022-05-07 01:41:12] [INFORMATION] Playing Song (https://www.youtube.com/watch?v=vqb0Qc_Cr9Q) on (JAVA BOT SERVER) 
[2022-05-07 01:41:12] [INFORMATION] Skipped Song on (JAVA BOT SERVER) 
[2022-05-07 01:41:13] [INFORMATION] Playing Song (https://www.youtube.com/watch?v=psn_rs_a5O0) on (JAVA BOT SERVER) 
[2022-05-07 01:42:02] [INFORMATION] Queued Song (https://www.youtube.com/watch?v=SUtf9Ajlno4) on (JAVA BOT SERVER) 
[2022-05-07 01:42:03] [INFORMATION] Playing Song (https://www.youtube.com/watch?v=SUtf9Ajlno4) on (JAVA BOT SERVER) 
[2022-05-07 01:42:03] [INFORMATION] Skipped Song on (JAVA BOT SERVER) 
[2022-05-07 01:42:10] [INFORMATION] Queued Song (https://www.youtube.com/watch?v=CU6TEf2lMRM) on (JAVA BOT SERVER) 
[2022-05-07 01:42:53] [INFORMATION] Playing Song (https://www.youtube.com/watch?v=CU6TEf2lMRM) on (JAVA BOT SERVER) 
[2022-05-07 01:42:53] [INFORMATION] Skipped Song on (JAVA BOT SERVER) 
[2022-05-07 01:42:54] [INFORMATION] Queued Song (https://www.youtube.com/watch?v=VtmOu951xeU) on (JAVA BOT SERVER) 
[2022-05-07 01:43:36] [INFORMATION] Queued Song (https://www.youtube.com/watch?v=u1RMBiyD5Q4) on (JAVA BOT SERVER) 
[2022-05-07 01:43:39] [INFORMATION] Playing Song (https://www.youtube.com/watch?v=VtmOu951xeU) on (JAVA BOT SERVER) 
[2022-05-07 01:43:39] [INFORMATION] Skipped Song on (JAVA BOT SERVER) 
[2022-05-07 01:43:42] [INFORMATION] Playing Song (https://www.youtube.com/watch?v=u1RMBiyD5Q4) on (JAVA BOT SERVER) 
[2022-05-07 01:43:42] [INFORMATION] Skipped Song on (JAVA BOT SERVER) 
[2022-05-07 01:45:29] [INFORMATION] Queued Song (https://www.youtube.com/watch?v=JW5LfBIf2js) on (JAVA BOT SERVER) 
[2022-05-07 01:45:30] [INFORMATION] Playing Song (https://www.youtube.com/watch?v=JW5LfBIf2js) on (JAVA BOT SERVER) 
[2022-05-07 01:45:30] [INFORMATION] Skipped Song on (JAVA BOT SERVER) 
[2022-05-07 01:46:27] [INFORMATION] Queued Song (https://www.youtube.com/watch?v=whbidPR4nVA) on (JAVA BOT SERVER) 
[2022-05-07 01:46:29] [INFORMATION] Playing Song (https://www.youtube.com/watch?v=whbidPR4nVA) on (JAVA BOT SERVER) 
[2022-05-07 01:46:29] [INFORMATION] Skipped Song on (JAVA BOT SERVER) 
[2022-05-07 01:46:35] [INFORMATION] Pausing Song (https://www.youtube.com/watch?v=whbidPR4nVA) on (JAVA BOT SERVER) 
[2022-05-07 01:46:37] [INFORMATION] Resuming https://www.youtube.com/watch?v=whbidPR4nVA on (JAVA BOT SERVER) 
[2022-05-07 01:46:39] [INFORMATION] Pausing Song (https://www.youtube.com/watch?v=whbidPR4nVA) on (JAVA BOT SERVER) 
[2022-05-07 01:48:27] [INFORMATION] Resuming https://www.youtube.com/watch?v=whbidPR4nVA on (JAVA BOT SERVER) 
[2022-05-07 01:48:47] [INFORMATION] Pausing Song (https://www.youtube.com/watch?v=whbidPR4nVA) on (JAVA BOT SERVER) 
[2022-05-07 01:55:01] [INFORMATION] Resuming https://www.youtube.com/watch?v=whbidPR4nVA on (JAVA BOT SERVER) 
[2022-05-07 01:55:06] [INFORMATION] Pausing Song (https://www.youtube.com/watch?v=whbidPR4nVA) on (JAVA BOT SERVER) 
[2022-05-07 01:55:07] [INFORMATION] Resuming https://www.youtube.com/watch?v=whbidPR4nVA on (JAVA BOT SERVER) 
[2022-05-07 01:55:08] [INFORMATION] Pausing Song (https://www.youtube.com/watch?v=whbidPR4nVA) on (JAVA BOT SERVER) 
[2022-05-07 01:55:09] [INFORMATION] Queued Song (https://www.youtube.com/watch?v=XB5mB1WuzbM) on (JAVA BOT SERVER) 
[2022-05-07 01:55:09] [INFORMATION] Resuming https://www.youtube.com/watch?v=whbidPR4nVA on (JAVA BOT SERVER) 
[2022-05-07 01:55:12] [INFORMATION] Playing Song (https://www.youtube.com/watch?v=XB5mB1WuzbM) on (JAVA BOT SERVER) 
[2022-05-07 01:55:12] [INFORMATION] Skipped Song on (JAVA BOT SERVER) 
[2022-05-07 01:55:51] [INFORMATION] Playing Song (https://www.youtube.com/watch?v=tR5NY4unDDA) on (JAVA BOT SERVER) 
[2022-05-07 01:56:30] [INFORMATION] Tried to skip, but queue is empty on (JAVA BOT SERVER) 
[2022-05-07 01:56:32] [INFORMATION] Pausing Song (https://www.youtube.com/watch?v=tR5NY4unDDA) on (JAVA BOT SERVER) 
[2022-05-07 01:56:49] [INFORMATION] Queued Song (https://www.youtube.com/watch?v=2bHBUs-k3ac) on (JAVA BOT SERVER) 
[2022-05-07 01:56:50] [INFORMATION] Playing Song (https://www.youtube.com/watch?v=2bHBUs-k3ac) on (JAVA BOT SERVER) 
[2022-05-07 01:56:50] [INFORMATION] Skipped Song on (JAVA BOT SERVER) 
[2022-05-07 01:57:37] [INFORMATION] Queued Song (https://www.youtube.com/watch?v=bwhc3gn-Tz0) on (JAVA BOT SERVER) 
[2022-05-07 01:57:38] [INFORMATION] Playing Song (https://www.youtube.com/watch?v=bwhc3gn-Tz0) on (JAVA BOT SERVER) 
[2022-05-07 01:57:38] [INFORMATION] Skipped Song on (JAVA BOT SERVER) 
[2022-05-07 01:57:48] [INFORMATION] Tried to skip, but queue is empty on (JAVA BOT SERVER) 
[2022-05-07 01:57:53] [INFORMATION] Pausing Song (https://www.youtube.com/watch?v=bwhc3gn-Tz0) on (JAVA BOT SERVER) 
[2022-05-07 01:58:06] [INFORMATION] Queued Song (https://www.youtube.com/watch?v=_qQsPw4CqUI) on (JAVA BOT SERVER) 
[2022-05-07 01:58:07] [INFORMATION] Queued Song (https://www.youtube.com/watch?v=IYlWyvoYatE) on (JAVA BOT SERVER) 
[2022-05-07 01:58:10] [INFORMATION] Playing Song (https://www.youtube.com/watch?v=_qQsPw4CqUI) on (JAVA BOT SERVER) 
[2022-05-07 01:58:10] [INFORMATION] Skipped Song on (JAVA BOT SERVER) 
[2022-05-07 01:58:42] [INFORMATION] Playing Song (https://www.youtube.com/watch?v=IYlWyvoYatE) on (JAVA BOT SERVER) 
[2022-05-07 01:58:42] [INFORMATION] Skipped Song on (JAVA BOT SERVER) 
[2022-05-07 01:58:56] [INFORMATION] Playing Song (https://www.youtube.com/watch?v=4L2t_siPK-A) on (JAVA BOT SERVER) 
[2022-05-07 01:59:17] [INFORMATION] Queued Song (https://www.youtube.com/watch?v=7aEUakKMLBs) on (JAVA BOT SERVER) 
[2022-05-07 01:59:18] [INFORMATION] Playing Song (https://www.youtube.com/watch?v=7aEUakKMLBs) on (JAVA BOT SERVER) 
[2022-05-07 01:59:18] [INFORMATION] Skipped Song on (JAVA BOT SERVER) 
[2022-05-07 01:59:34] [INFORMATION] Queued Song (https://www.youtube.com/watch?v=zWSdit919E0) on (JAVA BOT SERVER) 
[2022-05-07 01:59:35] [INFORMATION] Playing Song (https://www.youtube.com/watch?v=zWSdit919E0) on (JAVA BOT SERVER) 
[2022-05-07 01:59:35] [INFORMATION] Skipped Song on (JAVA BOT SERVER) 
[2022-05-07 01:59:50] [INFORMATION] Queued Song (https://www.youtube.com/watch?v=Geur_RxJ0OA) on (JAVA BOT SERVER) 
[2022-05-07 01:59:56] [INFORMATION] Playing Song (https://www.youtube.com/watch?v=Geur_RxJ0OA) on (JAVA BOT SERVER) 
[2022-05-07 01:59:56] [INFORMATION] Skipped Song on (JAVA BOT SERVER) 
[2022-05-07 02:00:03] [INFORMATION] Queued Song (https://www.youtube.com/watch?v=WE6mnPmztoQ) on (JAVA BOT SERVER) 
[2022-05-07 02:00:16] [INFORMATION] Queued Song (https://www.youtube.com/watch?v=tyBiHyazMOc) on (JAVA BOT SERVER) 
[2022-05-07 02:01:11] [INFORMATION] Queued Song (https://www.youtube.com/watch?v=IH6C3-GUai8) on (JAVA BOT SERVER) 
[2022-05-07 02:01:13] [INFORMATION] Playing Song (https://www.youtube.com/watch?v=WE6mnPmztoQ) on (JAVA BOT SERVER) 
[2022-05-07 02:01:13] [INFORMATION] Skipped Song on (JAVA BOT SERVER) 
[2022-05-07 02:01:22] [INFORMATION] Playing Song (https://www.youtube.com/watch?v=tyBiHyazMOc) on (JAVA BOT SERVER) 
[2022-05-07 02:01:22] [INFORMATION] Skipped Song on (JAVA BOT SERVER) 
[2022-05-07 02:01:39] [INFORMATION] Playing Song (https://www.youtube.com/watch?v=IH6C3-GUai8) on (JAVA BOT SERVER) 
[2022-05-07 02:01:39] [INFORMATION] Skipped Song on (JAVA BOT SERVER) 
[2022-05-07 02:02:28] [INFORMATION] Tried to skip, but queue is empty on (JAVA BOT SERVER) 
[2022-05-07 02:02:38] [INFORMATION] Queued Song (https://www.youtube.com/watch?v=PkMnaZkBw9s) on (JAVA BOT SERVER) 
[2022-05-07 02:02:40] [INFORMATION] Playing Song (https://www.youtube.com/watch?v=PkMnaZkBw9s) on (JAVA BOT SERVER) 
[2022-05-07 02:02:40] [INFORMATION] Skipped Song on (JAVA BOT SERVER) 
[2022-05-07 02:02:49] [INFORMATION] Queued Song (https://www.youtube.com/watch?v=zkJmnqOJpcE) on (JAVA BOT SERVER) 
[2022-05-07 02:03:09] [INFORMATION] Queued Song (https://www.youtube.com/watch?v=YcTCIMKeiNQ) on (JAVA BOT SERVER) 
[2022-05-07 02:03:11] [INFORMATION] Playing Song (https://www.youtube.com/watch?v=zkJmnqOJpcE) on (JAVA BOT SERVER) 
[2022-05-07 02:03:11] [INFORMATION] Skipped Song on (JAVA BOT SERVER) 
[2022-05-07 02:03:11] [INFORMATION] Playing Song (https://www.youtube.com/watch?v=YcTCIMKeiNQ) on (JAVA BOT SERVER) 
[2022-05-07 02:03:11] [INFORMATION] Skipped Song on (JAVA BOT SERVER) 
[2022-05-07 02:03:24] [INFORMATION] Unexpected (com.sedmelluq.discord.lavaplayer.tools.FriendlyException: Something went wrong when looking up the track) on (JAVA BOT SERVER) 
[2022-05-07 02:03:39] [INFORMATION] Queued Song (https://www.youtube.com/watch?v=CuPkTXDZ5rY) on (JAVA BOT SERVER) 
[2022-05-07 02:03:43] [INFORMATION] Playing Song (https://www.youtube.com/watch?v=CuPkTXDZ5rY) on (JAVA BOT SERVER) 
[2022-05-07 02:03:43] [INFORMATION] Skipped Song on (JAVA BOT SERVER) 
[2022-05-07 02:04:40] [INFORMATION] Queued Song (https://www.youtube.com/watch?v=UufxH7aAK3s) on (JAVA BOT SERVER) 
[2022-05-07 02:04:49] [INFORMATION] Playing Song (https://www.youtube.com/watch?v=UufxH7aAK3s) on (JAVA BOT SERVER) 
[2022-05-07 02:04:49] [INFORMATION] Skipped Song on (JAVA BOT SERVER) 
[2022-05-07 02:05:35] [INFORMATION] Queued Song (https://www.youtube.com/watch?v=Rp31-V0LtEM) on (JAVA BOT SERVER) 
[2022-05-07 02:05:40] [INFORMATION] Playing Song (https://www.youtube.com/watch?v=Rp31-V0LtEM) on (JAVA BOT SERVER) 
[2022-05-07 02:05:40] [INFORMATION] Skipped Song on (JAVA BOT SERVER) 
[2022-05-07 02:06:12] [INFORMATION] Queued Song (https://www.youtube.com/watch?v=jts44Y1-Wl8) on (JAVA BOT SERVER) 
[2022-05-07 02:06:13] [INFORMATION] Playing Song (https://www.youtube.com/watch?v=jts44Y1-Wl8) on (JAVA BOT SERVER) 
[2022-05-07 02:06:13] [INFORMATION] Skipped Song on (JAVA BOT SERVER) 
[2022-05-07 02:07:04] [INFORMATION] Pausing Song (https://www.youtube.com/watch?v=jts44Y1-Wl8) on (JAVA BOT SERVER) 
[2022-05-07 02:11:32] [INFORMATION] Resuming https://www.youtube.com/watch?v=jts44Y1-Wl8 on (JAVA BOT SERVER) 
[2022-05-07 02:12:54] [INFORMATION] Queued Song (https://www.youtube.com/watch?v=xS3vpBCiL2c) on (JAVA BOT SERVER) 
[2022-05-07 02:13:14] [INFORMATION] Queued Song (https://www.youtube.com/watch?v=qJjHVVmP_J8) on (JAVA BOT SERVER) 
[2022-05-07 02:13:16] [INFORMATION] Playing Song (https://www.youtube.com/watch?v=xS3vpBCiL2c) on (JAVA BOT SERVER) 
[2022-05-07 02:13:16] [INFORMATION] Skipped Song on (JAVA BOT SERVER) 
[2022-05-07 02:13:28] [INFORMATION] Queued Song (https://www.youtube.com/watch?v=af5n9rz6pyI) on (JAVA BOT SERVER) 
[2022-05-07 02:13:30] [INFORMATION] Playing Song (https://www.youtube.com/watch?v=qJjHVVmP_J8) on (JAVA BOT SERVER) 
[2022-05-07 02:13:30] [INFORMATION] Skipped Song on (JAVA BOT SERVER) 
[2022-05-07 02:14:25] [INFORMATION] Queued Song (https://www.youtube.com/watch?v=3CXVipVSmEU) on (JAVA BOT SERVER) 
[2022-05-07 02:14:27] [INFORMATION] Playing Song (https://www.youtube.com/watch?v=af5n9rz6pyI) on (JAVA BOT SERVER) 
[2022-05-07 02:14:27] [INFORMATION] Skipped Song on (JAVA BOT SERVER) 
[2022-05-07 02:14:27] [INFORMATION] Playing Song (https://www.youtube.com/watch?v=3CXVipVSmEU) on (JAVA BOT SERVER) 
[2022-05-07 02:14:27] [INFORMATION] Skipped Song on (JAVA BOT SERVER) 
[2022-05-07 02:14:35] [INFORMATION] Playing Song (https://www.youtube.com/watch?v=Tryaeq59Dnc) on (JAVA BOT SERVER) 
[2022-05-07 02:14:57] [INFORMATION] Queued Song (https://www.youtube.com/watch?v=aByh6RxSa40) on (JAVA BOT SERVER) 
[2022-05-07 02:15:00] [INFORMATION] Playing Song (https://www.youtube.com/watch?v=aByh6RxSa40) on (JAVA BOT SERVER) 
[2022-05-07 02:15:00] [INFORMATION] Skipped Song on (JAVA BOT SERVER) 
[2022-05-07 02:15:39] [INFORMATION] Queued Song (https://www.youtube.com/watch?v=U-xsosv6uM0) on (JAVA BOT SERVER) 
[2022-05-07 02:15:40] [INFORMATION] Playing Song (https://www.youtube.com/watch?v=U-xsosv6uM0) on (JAVA BOT SERVER) 
[2022-05-07 02:15:40] [INFORMATION] Skipped Song on (JAVA BOT SERVER) 
[2022-05-07 02:17:42] [INFORMATION] Queued Song (https://www.youtube.com/watch?v=xEdXwSZcjgk) on (JAVA BOT SERVER) 
[2022-05-07 02:17:44] [INFORMATION] Playing Song (https://www.youtube.com/watch?v=xEdXwSZcjgk) on (JAVA BOT SERVER) 
[2022-05-07 02:17:44] [INFORMATION] Skipped Song on (JAVA BOT SERVER) 
[2022-05-07 02:18:13] [INFORMATION] Queued Song (https://www.youtube.com/watch?v=5LUTFmmHJ54) on (JAVA BOT SERVER) 
[2022-05-07 02:18:15] [INFORMATION] Playing Song (https://www.youtube.com/watch?v=5LUTFmmHJ54) on (JAVA BOT SERVER) 
[2022-05-07 02:18:15] [INFORMATION] Skipped Song on (JAVA BOT SERVER) 
[2022-05-07 02:18:31] [INFORMATION] Queued Song (https://www.youtube.com/watch?v=GXCcDEUImeA) on (JAVA BOT SERVER) 
[2022-05-07 02:18:34] [INFORMATION] Playing Song (https://www.youtube.com/watch?v=GXCcDEUImeA) on (JAVA BOT SERVER) 
[2022-05-07 02:18:34] [INFORMATION] Skipped Song on (JAVA BOT SERVER) 
[2022-05-07 02:19:23] [INFORMATION] Queued Song (https://www.youtube.com/watch?v=O58M0M-0Ru4) on (JAVA BOT SERVER) 
[2022-05-07 02:19:23] [INFORMATION] Queued Song (https://www.youtube.com/watch?v=FbQD8uBx8Uc) on (JAVA BOT SERVER) 
[2022-05-07 02:19:50] [INFORMATION] Queued Song (https://www.youtube.com/watch?v=50zeHzEwgoI) on (JAVA BOT SERVER) 
[2022-05-07 02:19:58] [INFORMATION] Playing Song (https://www.youtube.com/watch?v=O58M0M-0Ru4) on (JAVA BOT SERVER) 
[2022-05-07 02:19:58] [INFORMATION] Skipped Song on (JAVA BOT SERVER) 
[2022-05-07 02:20:00] [INFORMATION] Queued Song (https://www.youtube.com/watch?v=QxX1Z5pFH6s) on (JAVA BOT SERVER) 
[2022-05-07 02:20:09] [INFORMATION] Queued Song (https://www.youtube.com/watch?v=CPmtB5NTY4k) on (JAVA BOT SERVER) 
[2022-05-07 02:20:10] [INFORMATION] Playing Song (https://www.youtube.com/watch?v=FbQD8uBx8Uc) on (JAVA BOT SERVER) 
[2022-05-07 02:20:10] [INFORMATION] Skipped Song on (JAVA BOT SERVER) 
[2022-05-07 02:20:46] [INFORMATION] Playing Song (https://www.youtube.com/watch?v=50zeHzEwgoI) on (JAVA BOT SERVER) 
[2022-05-07 02:20:46] [INFORMATION] Skipped Song on (JAVA BOT SERVER) 
[2022-05-07 02:21:05] [INFORMATION] Queued Song (https://www.youtube.com/watch?v=J2MJ9hRZhvQ) on (JAVA BOT SERVER) 
[2022-05-07 02:21:07] [INFORMATION] Playing Song (https://www.youtube.com/watch?v=QxX1Z5pFH6s) on (JAVA BOT SERVER) 
[2022-05-07 02:21:07] [INFORMATION] Skipped Song on (JAVA BOT SERVER) 
[2022-05-07 02:21:08] [INFORMATION] Playing Song (https://www.youtube.com/watch?v=CPmtB5NTY4k) on (JAVA BOT SERVER) 
[2022-05-07 02:22:24] [INFORMATION] Playing Song (https://www.youtube.com/watch?v=J2MJ9hRZhvQ) on (JAVA BOT SERVER) 
[2022-05-07 02:27:00] [INFORMATION] Queued Song (https://www.youtube.com/watch?v=a936wNgtcRA) on (JAVA BOT SERVER) 
[2022-05-07 02:27:02] [INFORMATION] Playing Song (https://www.youtube.com/watch?v=a936wNgtcRA) on (JAVA BOT SERVER) 
[2022-05-07 02:27:02] [INFORMATION] Skipped Song on (JAVA BOT SERVER) 
[2022-05-07 02:28:05] [INFORMATION] Queued Song (https://www.youtube.com/watch?v=0aeI8_Ibg_g) on (JAVA BOT SERVER) 
[2022-05-07 02:28:06] [INFORMATION] Playing Song (https://www.youtube.com/watch?v=0aeI8_Ibg_g) on (JAVA BOT SERVER) 
[2022-05-07 02:28:06] [INFORMATION] Skipped Song on (JAVA BOT SERVER) 
[2022-05-07 02:28:34] [INFORMATION] Queued Song (https://www.youtube.com/watch?v=hRonWKQfq60) on (JAVA BOT SERVER) 
[2022-05-07 02:28:42] [INFORMATION] Playing Song (https://www.youtube.com/watch?v=hRonWKQfq60) on (JAVA BOT SERVER) 
[2022-05-07 02:29:03] [INFORMATION] Queued Song (https://www.youtube.com/watch?v=dLyH94jNau0) on (JAVA BOT SERVER) 
[2022-05-07 02:29:05] [INFORMATION] Playing Song (https://www.youtube.com/watch?v=dLyH94jNau0) on (JAVA BOT SERVER) 
[2022-05-07 02:29:05] [INFORMATION] Skipped Song on (JAVA BOT SERVER) 
[2022-05-07 02:29:35] [INFORMATION] Queued Song (https://www.youtube.com/watch?v=arDNDsSAQpc) on (JAVA BOT SERVER) 
[2022-05-07 02:29:42] [INFORMATION] Queued Song (https://www.youtube.com/watch?v=Jm932Sqwf5E) on (JAVA BOT SERVER) 
[2022-05-07 02:29:44] [INFORMATION] Playing Song (https://www.youtube.com/watch?v=arDNDsSAQpc) on (JAVA BOT SERVER) 
[2022-05-07 02:29:44] [INFORMATION] Skipped Song on (JAVA BOT SERVER) 
[2022-05-07 02:29:50] [INFORMATION] Playing Song (https://www.youtube.com/watch?v=Jm932Sqwf5E) on (JAVA BOT SERVER) 
[2022-05-07 02:29:50] [INFORMATION] Skipped Song on (JAVA BOT SERVER) 
[2022-05-07 02:30:06] [INFORMATION] Queued Song (https://www.youtube.com/watch?v=65As1V0vQDM) on (JAVA BOT SERVER) 
[2022-05-07 02:32:11] [INFORMATION] Queued Song (https://www.youtube.com/watch?v=0EjN7znmBlg) on (JAVA BOT SERVER) 
[2022-05-07 02:32:22] [INFORMATION] Queued Song (https://www.youtube.com/watch?v=JQ1txLdu6qg) on (JAVA BOT SERVER) 
[2022-05-07 02:32:38] [INFORMATION] Queued Song (https://www.youtube.com/watch?v=XhtS0gX39G0) on (JAVA BOT SERVER) 
[2022-05-07 02:32:40] [INFORMATION] Playing Song (https://www.youtube.com/watch?v=65As1V0vQDM) on (JAVA BOT SERVER) 
[2022-05-07 02:32:40] [INFORMATION] Skipped Song on (JAVA BOT SERVER) 
[2022-05-07 02:33:11] [INFORMATION] Queued Song (https://www.youtube.com/watch?v=UBNOY43FJH0) on (JAVA BOT SERVER) 
[2022-05-07 02:33:13] [INFORMATION] Playing Song (https://www.youtube.com/watch?v=0EjN7znmBlg) on (JAVA BOT SERVER) 
[2022-05-07 02:33:13] [INFORMATION] Skipped Song on (JAVA BOT SERVER) 
[2022-05-07 02:33:13] [INFORMATION] Playing Song (https://www.youtube.com/watch?v=JQ1txLdu6qg) on (JAVA BOT SERVER) 
[2022-05-07 02:33:13] [INFORMATION] Skipped Song on (JAVA BOT SERVER) 
[2022-05-07 02:33:42] [INFORMATION] Pausing Song (https://www.youtube.com/watch?v=JQ1txLdu6qg) on (JAVA BOT SERVER) 
[2022-05-07 02:33:42] [INFORMATION] Pausing Song (https://www.youtube.com/watch?v=JQ1txLdu6qg) on (JAVA BOT SERVER) 
[2022-05-07 02:34:00] [INFORMATION] Resuming https://www.youtube.com/watch?v=JQ1txLdu6qg on (JAVA BOT SERVER) 
[2022-05-07 02:35:08] [INFORMATION] Queued Song (https://www.youtube.com/watch?v=ia1HZWumSM0) on (JAVA BOT SERVER) 
[2022-05-07 02:35:11] [INFORMATION] Playing Song (https://www.youtube.com/watch?v=XhtS0gX39G0) on (JAVA BOT SERVER) 
[2022-05-07 02:35:11] [INFORMATION] Skipped Song on (JAVA BOT SERVER) 
[2022-05-07 02:35:11] [INFORMATION] Playing Song (https://www.youtube.com/watch?v=UBNOY43FJH0) on (JAVA BOT SERVER) 
[2022-05-07 02:35:11] [INFORMATION] Skipped Song on (JAVA BOT SERVER) 
[2022-05-07 02:35:24] [INFORMATION] Queued Song (https://www.youtube.com/watch?v=lTRiuFIWV54) on (JAVA BOT SERVER) 
[2022-05-07 02:35:25] [INFORMATION] Queued Song (https://www.youtube.com/watch?v=Sjx2PKOL6Lc) on (JAVA BOT SERVER) 
[2022-05-07 02:35:27] [INFORMATION] Playing Song (https://www.youtube.com/watch?v=ia1HZWumSM0) on (JAVA BOT SERVER) 
[2022-05-07 02:35:27] [INFORMATION] Skipped Song on (JAVA BOT SERVER) 
[2022-05-07 02:35:30] [INFORMATION] Playing Song (https://www.youtube.com/watch?v=lTRiuFIWV54) on (JAVA BOT SERVER) 
[2022-05-07 02:35:30] [INFORMATION] Skipped Song on (JAVA BOT SERVER) 
[2022-05-07 02:35:33] [INFORMATION] Playing Song (https://www.youtube.com/watch?v=Sjx2PKOL6Lc) on (JAVA BOT SERVER) 
[2022-05-07 02:35:33] [INFORMATION] Skipped Song on (JAVA BOT SERVER) 
[2022-05-07 02:35:48] [INFORMATION] Queued Song (https://www.youtube.com/watch?v=2bHBUs-k3ac) on (JAVA BOT SERVER) 
[2022-05-07 02:35:49] [INFORMATION] Playing Song (https://www.youtube.com/watch?v=2bHBUs-k3ac) on (JAVA BOT SERVER) 
[2022-05-07 02:35:49] [INFORMATION] Skipped Song on (JAVA BOT SERVER) 
[2022-05-07 02:36:11] [INFORMATION] Pausing Song (https://www.youtube.com/watch?v=2bHBUs-k3ac) on (JAVA BOT SERVER) 
[2022-05-07 02:36:19] [INFORMATION] Queued Song (https://www.youtube.com/watch?v=dLyH94jNau0) on (JAVA BOT SERVER) 
[2022-05-07 02:36:44] [INFORMATION] Resuming https://www.youtube.com/watch?v=2bHBUs-k3ac on (JAVA BOT SERVER) 
[2022-05-07 02:36:48] [INFORMATION] Playing Song (https://www.youtube.com/watch?v=dLyH94jNau0) on (JAVA BOT SERVER) 
[2022-05-07 02:36:48] [INFORMATION] Skipped Song on (JAVA BOT SERVER) 
[2022-05-07 02:37:00] [INFORMATION] Queued Song (https://www.youtube.com/watch?v=UAtVGHl1AFM) on (JAVA BOT SERVER) 
[2022-05-07 02:37:22] [INFORMATION] Queued Song (https://www.youtube.com/watch?v=x_QIkyQ9XL4) on (JAVA BOT SERVER) 
[2022-05-07 02:37:24] [INFORMATION] Playing Song (https://www.youtube.com/watch?v=UAtVGHl1AFM) on (JAVA BOT SERVER) 
[2022-05-07 02:37:24] [INFORMATION] Skipped Song on (JAVA BOT SERVER) 
[2022-05-07 02:37:29] [INFORMATION] Playing Song (https://www.youtube.com/watch?v=x_QIkyQ9XL4) on (JAVA BOT SERVER) 
[2022-05-07 02:37:29] [INFORMATION] Skipped Song on (JAVA BOT SERVER) 
[2022-05-07 02:37:29] [INFORMATION] Tried to skip, but queue is empty on (JAVA BOT SERVER) 
[2022-05-07 02:37:44] [INFORMATION] Queued Song (https://www.youtube.com/watch?v=JQ1txLdu6qg) on (JAVA BOT SERVER) 
[2022-05-07 02:38:31] [INFORMATION] Playing Song (https://www.youtube.com/watch?v=JQ1txLdu6qg) on (JAVA BOT SERVER) 
[2022-05-07 02:38:31] [INFORMATION] Skipped Song on (JAVA BOT SERVER) 
[2022-05-07 02:39:53] [INFORMATION] Queued Song (https://www.youtube.com/watch?v=jxdwniXzH7s) on (JAVA BOT SERVER) 
[2022-05-07 02:39:56] [INFORMATION] Playing Song (https://www.youtube.com/watch?v=jxdwniXzH7s) on (JAVA BOT SERVER) 
[2022-05-07 02:39:56] [INFORMATION] Skipped Song on (JAVA BOT SERVER) 
[2022-05-07 02:40:27] [INFORMATION] Queued Song (https://www.youtube.com/watch?v=-6GZSCbSCQM) on (JAVA BOT SERVER) 
[2022-05-07 02:40:30] [INFORMATION] Playing Song (https://www.youtube.com/watch?v=-6GZSCbSCQM) on (JAVA BOT SERVER) 
[2022-05-07 02:40:30] [INFORMATION] Skipped Song on (JAVA BOT SERVER) 
[2022-05-07 02:40:47] [INFORMATION] Queued Song (https://www.youtube.com/watch?v=dLyH94jNau0) on (JAVA BOT SERVER) 
[2022-05-07 02:40:48] [INFORMATION] Playing Song (https://www.youtube.com/watch?v=dLyH94jNau0) on (JAVA BOT SERVER) 
[2022-05-07 02:40:48] [INFORMATION] Skipped Song on (JAVA BOT SERVER) 
[2022-05-07 02:41:06] [INFORMATION] Queued Song (https://www.youtube.com/watch?v=t13Myp4NG04) on (JAVA BOT SERVER) 
[2022-05-07 02:41:08] [INFORMATION] Playing Song (https://www.youtube.com/watch?v=t13Myp4NG04) on (JAVA BOT SERVER) 
[2022-05-07 02:41:08] [INFORMATION] Skipped Song on (JAVA BOT SERVER) 
[2022-05-07 02:41:11] [INFORMATION] Queued Song (https://www.youtube.com/watch?v=FkMEyynWPwY) on (JAVA BOT SERVER) 
[2022-05-07 02:41:12] [INFORMATION] Playing Song (https://www.youtube.com/watch?v=FkMEyynWPwY) on (JAVA BOT SERVER) 
[2022-05-07 02:41:12] [INFORMATION] Skipped Song on (JAVA BOT SERVER) 
[2022-05-07 02:41:17] [INFORMATION] Queued Song (https://www.youtube.com/watch?v=t13Myp4NG04) on (JAVA BOT SERVER) 
[2022-05-07 02:41:20] [INFORMATION] Queued Song (https://www.youtube.com/watch?v=dLyH94jNau0) on (JAVA BOT SERVER) 
[2022-05-07 02:41:22] [INFORMATION] Playing Song (https://www.youtube.com/watch?v=t13Myp4NG04) on (JAVA BOT SERVER) 
[2022-05-07 02:41:22] [INFORMATION] Skipped Song on (JAVA BOT SERVER) 
[2022-05-07 02:41:26] [INFORMATION] Playing Song (https://www.youtube.com/watch?v=dLyH94jNau0) on (JAVA BOT SERVER) 
[2022-05-07 02:41:26] [INFORMATION] Skipped Song on (JAVA BOT SERVER) 
[2022-05-07 02:41:37] [INFORMATION] Queued Song (https://www.youtube.com/watch?v=j1jC6TdXWI0) on (JAVA BOT SERVER) 
[2022-05-07 02:41:38] [INFORMATION] Playing Song (https://www.youtube.com/watch?v=j1jC6TdXWI0) on (JAVA BOT SERVER) 
[2022-05-07 02:41:38] [INFORMATION] Skipped Song on (JAVA BOT SERVER) 
[2022-05-07 02:41:49] [INFORMATION] Queued Song (https://www.youtube.com/watch?v=dLyH94jNau0) on (JAVA BOT SERVER) 
[2022-05-07 02:41:53] [INFORMATION] Queued Song (https://www.youtube.com/watch?v=Mlqvjb0WOdM) on (JAVA BOT SERVER) 
[2022-05-07 02:41:55] [INFORMATION] Playing Song (https://www.youtube.com/watch?v=dLyH94jNau0) on (JAVA BOT SERVER) 
[2022-05-07 02:41:55] [INFORMATION] Skipped Song on (JAVA BOT SERVER) 
[2022-05-07 02:42:02] [INFORMATION] Playing Song (https://www.youtube.com/watch?v=Mlqvjb0WOdM) on (JAVA BOT SERVER) 
[2022-05-07 02:42:02] [INFORMATION] Skipped Song on (JAVA BOT SERVER) 
[2022-05-07 02:42:06] [INFORMATION] Queued Song (https://www.youtube.com/watch?v=JQ1txLdu6qg) on (JAVA BOT SERVER) 
[2022-05-07 02:42:08] [INFORMATION] Playing Song (https://www.youtube.com/watch?v=JQ1txLdu6qg) on (JAVA BOT SERVER) 
[2022-05-07 02:42:08] [INFORMATION] Skipped Song on (JAVA BOT SERVER) 
[2022-05-07 02:42:14] [INFORMATION] Pausing Song (https://www.youtube.com/watch?v=JQ1txLdu6qg) on (JAVA BOT SERVER) 
[2022-05-07 02:42:18] [INFORMATION] Resuming https://www.youtube.com/watch?v=JQ1txLdu6qg on (JAVA BOT SERVER) 
[2022-05-07 02:42:42] [INFORMATION] Queued Song (https://www.youtube.com/watch?v=GYE9H4SMq5E) on (JAVA BOT SERVER) 
[2022-05-07 02:42:46] [INFORMATION] Queued Song (https://www.youtube.com/watch?v=n4v-eYwIcRU) on (JAVA BOT SERVER) 
[2022-05-07 02:42:49] [INFORMATION] Playing Song (https://www.youtube.com/watch?v=GYE9H4SMq5E) on (JAVA BOT SERVER) 
[2022-05-07 02:42:49] [INFORMATION] Skipped Song on (JAVA BOT SERVER) 
[2022-05-07 02:42:53] [INFORMATION] Queued Song (https://www.youtube.com/watch?v=dLyH94jNau0) on (JAVA BOT SERVER) 
[2022-05-07 02:42:57] [INFORMATION] Playing Song (https://www.youtube.com/watch?v=n4v-eYwIcRU) on (JAVA BOT SERVER) 
[2022-05-07 02:42:57] [INFORMATION] Skipped Song on (JAVA BOT SERVER) 
[2022-05-07 02:42:58] [INFORMATION] Queued Song (https://www.youtube.com/watch?v=dLyH94jNau0) on (JAVA BOT SERVER) 
[2022-05-07 02:42:59] [INFORMATION] Queued Song (https://www.youtube.com/watch?v=JQ1txLdu6qg) on (JAVA BOT SERVER) 
[2022-05-07 02:43:00] [INFORMATION] Queued Song (https://www.youtube.com/watch?v=JQ1txLdu6qg) on (JAVA BOT SERVER) 
[2022-05-07 02:43:00] [INFORMATION] Queued Song (https://www.youtube.com/watch?v=dLyH94jNau0) on (JAVA BOT SERVER) 
[2022-05-07 02:43:01] [INFORMATION] Queued Song (https://www.youtube.com/watch?v=JQ1txLdu6qg) on (JAVA BOT SERVER) 
[2022-05-07 02:43:02] [INFORMATION] Queued Song (https://www.youtube.com/watch?v=dLyH94jNau0) on (JAVA BOT SERVER) 
[2022-05-07 02:43:03] [INFORMATION] Queued Song (https://www.youtube.com/watch?v=dLyH94jNau0) on (JAVA BOT SERVER) 
[2022-05-07 02:43:17] [INFORMATION] Playing Song (https://www.youtube.com/watch?v=dLyH94jNau0) on (JAVA BOT SERVER) 
[2022-05-07 02:43:17] [INFORMATION] Skipped Song on (JAVA BOT SERVER) 
[2022-05-07 02:43:23] [INFORMATION] Pausing Song (https://www.youtube.com/watch?v=dLyH94jNau0) on (JAVA BOT SERVER) 
[2022-05-07 02:43:25] [INFORMATION] Resuming https://www.youtube.com/watch?v=dLyH94jNau0 on (JAVA BOT SERVER) 
[2022-05-07 02:43:41] [INFORMATION] Queued Song (https://www.youtube.com/watch?v=M7iXsGh5YP0) on (JAVA BOT SERVER) 
[2022-05-07 02:43:42] [INFORMATION] Playing Song (https://www.youtube.com/watch?v=dLyH94jNau0) on (JAVA BOT SERVER) 
[2022-05-07 02:43:42] [INFORMATION] Skipped Song on (JAVA BOT SERVER) 
[2022-05-07 02:43:48] [INFORMATION] Playing Song (https://www.youtube.com/watch?v=JQ1txLdu6qg) on (JAVA BOT SERVER) 
[2022-05-07 02:43:48] [INFORMATION] Skipped Song on (JAVA BOT SERVER) 
[2022-05-07 02:43:52] [INFORMATION] Playing Song (https://www.youtube.com/watch?v=JQ1txLdu6qg) on (JAVA BOT SERVER) 
[2022-05-07 02:43:52] [INFORMATION] Skipped Song on (JAVA BOT SERVER) 
[2022-05-07 02:43:56] [INFORMATION] Playing Song (https://www.youtube.com/watch?v=dLyH94jNau0) on (JAVA BOT SERVER) 
[2022-05-07 02:43:56] [INFORMATION] Skipped Song on (JAVA BOT SERVER) 
[2022-05-07 02:43:59] [INFORMATION] Playing Song (https://www.youtube.com/watch?v=JQ1txLdu6qg) on (JAVA BOT SERVER) 
[2022-05-07 02:43:59] [INFORMATION] Skipped Song on (JAVA BOT SERVER) 
[2022-05-07 02:44:01] [INFORMATION] Playing Song (https://www.youtube.com/watch?v=dLyH94jNau0) on (JAVA BOT SERVER) 
[2022-05-07 02:44:01] [INFORMATION] Skipped Song on (JAVA BOT SERVER) 
[2022-05-07 02:44:04] [INFORMATION] Playing Song (https://www.youtube.com/watch?v=dLyH94jNau0) on (JAVA BOT SERVER) 
[2022-05-07 02:44:04] [INFORMATION] Skipped Song on (JAVA BOT SERVER) 
[2022-05-07 02:44:07] [INFORMATION] Playing Song (https://www.youtube.com/watch?v=M7iXsGh5YP0) on (JAVA BOT SERVER) 
[2022-05-07 02:44:07] [INFORMATION] Skipped Song on (JAVA BOT SERVER) 
[2022-05-07 02:44:14] [INFORMATION] Queued Song (https://www.youtube.com/watch?v=dLyH94jNau0) on (JAVA BOT SERVER) 
[2022-05-07 02:44:15] [INFORMATION] Queued Song (https://www.youtube.com/watch?v=dLyH94jNau0) on (JAVA BOT SERVER) 
[2022-05-07 02:44:15] [INFORMATION] Queued Song (https://www.youtube.com/watch?v=dLyH94jNau0) on (JAVA BOT SERVER) 
[2022-05-07 02:44:16] [INFORMATION] Queued Song (https://www.youtube.com/watch?v=JQ1txLdu6qg) on (JAVA BOT SERVER) 
[2022-05-07 02:44:17] [INFORMATION] Queued Song (https://www.youtube.com/watch?v=JQ1txLdu6qg) on (JAVA BOT SERVER) 
[2022-05-07 02:44:22] [INFORMATION] Playing Song (https://www.youtube.com/watch?v=dLyH94jNau0) on (JAVA BOT SERVER) 
[2022-05-07 02:44:22] [INFORMATION] Skipped Song on (JAVA BOT SERVER) 
[2022-05-07 02:44:46] [INFORMATION] Queued Song (https://www.youtube.com/watch?v=B8t3k4h2yaQ) on (JAVA BOT SERVER) 
[2022-05-07 02:44:49] [INFORMATION] Playing Song (https://www.youtube.com/watch?v=dLyH94jNau0) on (JAVA BOT SERVER) 
[2022-05-07 02:44:49] [INFORMATION] Skipped Song on (JAVA BOT SERVER) 
[2022-05-07 02:44:53] [INFORMATION] Playing Song (https://www.youtube.com/watch?v=dLyH94jNau0) on (JAVA BOT SERVER) 
[2022-05-07 02:44:53] [INFORMATION] Skipped Song on (JAVA BOT SERVER) 
[2022-05-07 02:44:56] [INFORMATION] Playing Song (https://www.youtube.com/watch?v=JQ1txLdu6qg) on (JAVA BOT SERVER) 
[2022-05-07 02:44:56] [INFORMATION] Skipped Song on (JAVA BOT SERVER) 
[2022-05-07 02:44:57] [INFORMATION] Playing Song (https://www.youtube.com/watch?v=JQ1txLdu6qg) on (JAVA BOT SERVER) 
[2022-05-07 02:44:57] [INFORMATION] Skipped Song on (JAVA BOT SERVER) 
[2022-05-07 02:44:58] [INFORMATION] Playing Song (https://www.youtube.com/watch?v=B8t3k4h2yaQ) on (JAVA BOT SERVER) 
[2022-05-07 02:44:58] [INFORMATION] Skipped Song on (JAVA BOT SERVER) 
[2022-05-07 02:45:04] [INFORMATION] Queued Song (https://www.youtube.com/watch?v=dLyH94jNau0) on (JAVA BOT SERVER) 
[2022-05-07 02:45:04] [INFORMATION] Queued Song (https://www.youtube.com/watch?v=dLyH94jNau0) on (JAVA BOT SERVER) 
[2022-05-07 02:45:05] [INFORMATION] Queued Song (https://www.youtube.com/watch?v=dLyH94jNau0) on (JAVA BOT SERVER) 
[2022-05-07 02:45:06] [INFORMATION] Queued Song (https://www.youtube.com/watch?v=dLyH94jNau0) on (JAVA BOT SERVER) 
[2022-05-07 02:45:06] [INFORMATION] Queued Song (https://www.youtube.com/watch?v=dLyH94jNau0) on (JAVA BOT SERVER) 
[2022-05-07 02:45:07] [INFORMATION] Queued Song (https://www.youtube.com/watch?v=dLyH94jNau0) on (JAVA BOT SERVER) 
[2022-05-07 02:45:08] [INFORMATION] Queued Song (https://www.youtube.com/watch?v=dLyH94jNau0) on (JAVA BOT SERVER) 
[2022-05-07 02:45:10] [INFORMATION] Queued Song (https://www.youtube.com/watch?v=dLyH94jNau0) on (JAVA BOT SERVER) 
[2022-05-07 02:45:18] [INFORMATION] Playing Song (https://www.youtube.com/watch?v=dLyH94jNau0) on (JAVA BOT SERVER) 
[2022-05-07 02:45:18] [INFORMATION] Skipped Song on (JAVA BOT SERVER) 
[2022-05-07 02:45:44] [INFORMATION] Queued Song (https://www.youtube.com/watch?v=Rb0UmrCXxVA) on (JAVA BOT SERVER) 
[2022-05-07 02:45:45] [INFORMATION] Playing Song (https://www.youtube.com/watch?v=dLyH94jNau0) on (JAVA BOT SERVER) 
[2022-05-07 02:45:45] [INFORMATION] Skipped Song on (JAVA BOT SERVER) 
[2022-05-07 02:45:47] [INFORMATION] Playing Song (https://www.youtube.com/watch?v=dLyH94jNau0) on (JAVA BOT SERVER) 
[2022-05-07 02:45:47] [INFORMATION] Skipped Song on (JAVA BOT SERVER) 
[2022-05-07 02:45:49] [INFORMATION] Playing Song (https://www.youtube.com/watch?v=dLyH94jNau0) on (JAVA BOT SERVER) 
[2022-05-07 02:45:49] [INFORMATION] Skipped Song on (JAVA BOT SERVER) 
[2022-05-07 02:45:51] [INFORMATION] Playing Song (https://www.youtube.com/watch?v=dLyH94jNau0) on (JAVA BOT SERVER) 
[2022-05-07 02:45:51] [INFORMATION] Skipped Song on (JAVA BOT SERVER) 
[2022-05-07 02:45:54] [INFORMATION] Playing Song (https://www.youtube.com/watch?v=dLyH94jNau0) on (JAVA BOT SERVER) 
[2022-05-07 02:45:54] [INFORMATION] Skipped Song on (JAVA BOT SERVER) 
[2022-05-07 02:45:55] [INFORMATION] Playing Song (https://www.youtube.com/watch?v=dLyH94jNau0) on (JAVA BOT SERVER) 
[2022-05-07 02:45:55] [INFORMATION] Skipped Song on (JAVA BOT SERVER) 
[2022-05-07 02:45:58] [INFORMATION] Playing Song (https://www.youtube.com/watch?v=dLyH94jNau0) on (JAVA BOT SERVER) 
[2022-05-07 02:45:58] [INFORMATION] Skipped Song on (JAVA BOT SERVER) 
[2022-05-07 02:46:00] [INFORMATION] Playing Song (https://www.youtube.com/watch?v=Rb0UmrCXxVA) on (JAVA BOT SERVER) 
[2022-05-07 02:46:00] [INFORMATION] Skipped Song on (JAVA BOT SERVER) 
[2022-05-07 02:46:08] [INFORMATION] Queued Song (https://www.youtube.com/watch?v=dLyH94jNau0) on (JAVA BOT SERVER) 
[2022-05-07 02:46:15] [INFORMATION] Queued Song (https://www.youtube.com/watch?v=VpbM_dPmyBE) on (JAVA BOT SERVER) 
[2022-05-07 02:46:30] [INFORMATION] Queued Song (https://www.youtube.com/watch?v=VpbM_dPmyBE) on (JAVA BOT SERVER) 
[2022-05-07 02:46:36] [INFORMATION] Queued Song (https://www.youtube.com/watch?v=VpbM_dPmyBE) on (JAVA BOT SERVER) 
[2022-05-07 02:47:07] [INFORMATION] Queued Song (https://www.youtube.com/watch?v=b9cWybzH30s) on (JAVA BOT SERVER) 
[2022-05-07 02:47:09] [INFORMATION] Playing Song (https://www.youtube.com/watch?v=dLyH94jNau0) on (JAVA BOT SERVER) 
[2022-05-07 02:47:09] [INFORMATION] Skipped Song on (JAVA BOT SERVER) 
[2022-05-07 02:47:13] [INFORMATION] Playing Song (https://www.youtube.com/watch?v=VpbM_dPmyBE) on (JAVA BOT SERVER) 
[2022-05-07 02:47:13] [INFORMATION] Skipped Song on (JAVA BOT SERVER) 
[2022-05-07 02:47:16] [INFORMATION] Playing Song (https://www.youtube.com/watch?v=VpbM_dPmyBE) on (JAVA BOT SERVER) 
[2022-05-07 02:47:16] [INFORMATION] Skipped Song on (JAVA BOT SERVER) 
[2022-05-07 02:47:19] [INFORMATION] Playing Song (https://www.youtube.com/watch?v=VpbM_dPmyBE) on (JAVA BOT SERVER) 
[2022-05-07 02:47:19] [INFORMATION] Skipped Song on (JAVA BOT SERVER) 
[2022-05-07 02:47:21] [INFORMATION] Playing Song (https://www.youtube.com/watch?v=b9cWybzH30s) on (JAVA BOT SERVER) 
[2022-05-07 02:47:21] [INFORMATION] Skipped Song on (JAVA BOT SERVER) 
[2022-05-07 02:47:32] [INFORMATION] Queued Song (https://www.youtube.com/watch?v=VpbM_dPmyBE) on (JAVA BOT SERVER) 
[2022-05-07 02:47:59] [INFORMATION] Playing Song (https://www.youtube.com/watch?v=VpbM_dPmyBE) on (JAVA BOT SERVER) 
[2022-05-07 02:47:59] [INFORMATION] Skipped Song on (JAVA BOT SERVER) 
[2022-05-07 02:48:11] [INFORMATION] Tried to skip, but queue is empty on (JAVA BOT SERVER) 
[2022-05-07 02:48:15] [INFORMATION] Playing Song (https://www.youtube.com/watch?v=VpbM_dPmyBE) on (JAVA BOT SERVER) 
[2022-05-07 02:49:40] [INFORMATION] Queued Song (https://www.youtube.com/watch?v=VpbM_dPmyBE) on (JAVA BOT SERVER) 
[2022-05-07 02:49:41] [INFORMATION] Queued Song (https://www.youtube.com/watch?v=VpbM_dPmyBE) on (JAVA BOT SERVER) 
[2022-05-07 02:49:41] [INFORMATION] Queued Song (https://www.youtube.com/watch?v=VpbM_dPmyBE) on (JAVA BOT SERVER) 
[2022-05-07 02:49:42] [INFORMATION] Queued Song (https://www.youtube.com/watch?v=VpbM_dPmyBE) on (JAVA BOT SERVER) 
[2022-05-07 03:02:17] [INFORMATION] Queued Song (https://www.youtube.com/watch?v=Xl4QBaQSkZY) on (JAVA BOT SERVER) 
[2022-05-07 03:02:19] [INFORMATION] Playing Song (https://www.youtube.com/watch?v=VpbM_dPmyBE) on (JAVA BOT SERVER) 
[2022-05-07 03:02:19] [INFORMATION] Skipped Song on (JAVA BOT SERVER) 
[2022-05-07 03:02:22] [INFORMATION] Playing Song (https://www.youtube.com/watch?v=VpbM_dPmyBE) on (JAVA BOT SERVER) 
[2022-05-07 03:02:22] [INFORMATION] Skipped Song on (JAVA BOT SERVER) 
[2022-05-07 03:02:24] [INFORMATION] Playing Song (https://www.youtube.com/watch?v=VpbM_dPmyBE) on (JAVA BOT SERVER) 
[2022-05-07 03:02:24] [INFORMATION] Skipped Song on (JAVA BOT SERVER) 
[2022-05-07 03:02:26] [INFORMATION] Playing Song (https://www.youtube.com/watch?v=VpbM_dPmyBE) on (JAVA BOT SERVER) 
[2022-05-07 03:02:26] [INFORMATION] Skipped Song on (JAVA BOT SERVER) 
[2022-05-07 03:02:28] [INFORMATION] Playing Song (https://www.youtube.com/watch?v=Xl4QBaQSkZY) on (JAVA BOT SERVER) 
[2022-05-07 03:02:28] [INFORMATION] Skipped Song on (JAVA BOT SERVER) 
[2022-05-07 03:03:23] [INFORMATION] Queued Song (https://www.youtube.com/watch?v=IoxZD4ROcoY) on (JAVA BOT SERVER) 
[2022-05-07 03:03:24] [INFORMATION] Playing Song (https://www.youtube.com/watch?v=IoxZD4ROcoY) on (JAVA BOT SERVER) 
[2022-05-07 03:03:24] [INFORMATION] Skipped Song on (JAVA BOT SERVER) 
[2022-05-07 03:05:08] [INFORMATION] No matches (https://www.youtube.com/watch?v=JQ1txLdu6qg ) on (JAVA BOT SERVER) 
[2022-05-07 03:05:17] [INFORMATION] Queued Song (https://www.youtube.com/watch?v=a7VrWmt1k_0) on (JAVA BOT SERVER) 
[2022-05-07 03:05:21] [INFORMATION] Queued Song (https://www.youtube.com/watch?v=D8EMdr6nsQU) on (JAVA BOT SERVER) 
[2022-05-07 03:05:24] [INFORMATION] Playing Song (https://www.youtube.com/watch?v=a7VrWmt1k_0) on (JAVA BOT SERVER) 
[2022-05-07 03:05:24] [INFORMATION] Skipped Song on (JAVA BOT SERVER) 
[2022-05-07 03:05:30] [INFORMATION] Playing Song (https://www.youtube.com/watch?v=D8EMdr6nsQU) on (JAVA BOT SERVER) 
[2022-05-07 03:05:30] [INFORMATION] Skipped Song on (JAVA BOT SERVER) 
[2022-05-07 03:05:41] [INFORMATION] Queued Song (https://www.youtube.com/watch?v=JQ1txLdu6qg) on (JAVA BOT SERVER) 
[2022-05-07 03:06:11] [INFORMATION] Stopping Song on (JAVA BOT SERVER) 
[2022-05-07 03:06:16] [INFORMATION] Playing Song (https://www.youtube.com/watch?v=a7VrWmt1k_0) on (JAVA BOT SERVER) 
[2022-05-07 03:06:18] [INFORMATION] Tried to skip, but queue is empty on (JAVA BOT SERVER) 
[2022-05-07 03:06:41] [INFORMATION] Pausing Song (https://www.youtube.com/watch?v=a7VrWmt1k_0) on (JAVA BOT SERVER) 
[2022-05-07 03:07:03] [INFORMATION] Queued Song (https://www.youtube.com/watch?v=QkF3oxziUI4) on (JAVA BOT SERVER) 
[2022-05-07 03:07:05] [INFORMATION] Playing Song (https://www.youtube.com/watch?v=QkF3oxziUI4) on (JAVA BOT SERVER) 
[2022-05-07 03:07:05] [INFORMATION] Skipped Song on (JAVA BOT SERVER) 
[2022-05-07 03:07:24] [INFORMATION] Queued Song (https://www.youtube.com/watch?v=Zuj_sW8c18Q) on (JAVA BOT SERVER) 
[2022-05-07 03:07:29] [INFORMATION] Playing Song (https://www.youtube.com/watch?v=Zuj_sW8c18Q) on (JAVA BOT SERVER) 
[2022-05-07 03:07:29] [INFORMATION] Skipped Song on (JAVA BOT SERVER) 
[2022-05-07 03:07:40] [INFORMATION] Queued Song (https://www.youtube.com/watch?v=XB5mB1WuzbM) on (JAVA BOT SERVER) 
[2022-05-07 03:07:44] [INFORMATION] Queued Song (https://www.youtube.com/watch?v=aVc2YXgl44M) on (JAVA BOT SERVER) 
[2022-05-07 03:08:01] [INFORMATION] Playing Song (https://www.youtube.com/watch?v=XB5mB1WuzbM) on (JAVA BOT SERVER) 
[2022-05-07 03:08:01] [INFORMATION] Skipped Song on (JAVA BOT SERVER) 
[2022-05-07 03:08:14] [INFORMATION] Queued Song (https://www.youtube.com/watch?v=vccL6l8MTgY) on (JAVA BOT SERVER) 
[2022-05-07 03:08:16] [INFORMATION] Playing Song (https://www.youtube.com/watch?v=aVc2YXgl44M) on (JAVA BOT SERVER) 
[2022-05-07 03:08:16] [INFORMATION] Skipped Song on (JAVA BOT SERVER) 
[2022-05-07 03:08:40] [INFORMATION] Queued Song (https://www.youtube.com/watch?v=scHS8YaYoRA) on (JAVA BOT SERVER) 
[2022-05-07 03:08:43] [INFORMATION] Playing Song (https://www.youtube.com/watch?v=vccL6l8MTgY) on (JAVA BOT SERVER) 
[2022-05-07 03:08:43] [INFORMATION] Skipped Song on (JAVA BOT SERVER) 
[2022-05-07 03:08:52] [INFORMATION] Playing Song (https://www.youtube.com/watch?v=scHS8YaYoRA) on (JAVA BOT SERVER) 
[2022-05-07 03:08:52] [INFORMATION] Skipped Song on (JAVA BOT SERVER) 
[2022-05-07 03:09:06] [INFORMATION] Queued Song (https://www.youtube.com/watch?v=C8nmKMBgrFI) on (JAVA BOT SERVER) 
[2022-05-07 03:09:10] [INFORMATION] Queued Song (https://www.youtube.com/watch?v=7yT_zXXSjUw) on (JAVA BOT SERVER) 
[2022-05-07 03:10:49] [INFORMATION] Playing Song (https://www.youtube.com/watch?v=C8nmKMBgrFI) on (JAVA BOT SERVER) 
[2022-05-07 03:10:49] [INFORMATION] Skipped Song on (JAVA BOT SERVER) 
[2022-05-07 03:12:35] [INFORMATION] Queued Song (https://www.youtube.com/watch?v=wm9b6wPD9No) on (JAVA BOT SERVER) 
[2022-05-07 03:12:50] [INFORMATION] Queued Song (https://www.youtube.com/watch?v=zoJAcgmOS4Q) on (JAVA BOT SERVER) 
[2022-05-07 03:12:51] [INFORMATION] Playing Song (https://www.youtube.com/watch?v=7yT_zXXSjUw) on (JAVA BOT SERVER) 
[2022-05-07 03:12:51] [INFORMATION] Skipped Song on (JAVA BOT SERVER) 
[2022-05-07 03:13:16] [INFORMATION] Queued Song (https://www.youtube.com/watch?v=gqthPT8vK7o) on (JAVA BOT SERVER) 
[2022-05-07 03:14:24] [INFORMATION] Queued Song (https://www.youtube.com/watch?v=BwqE3BS2KeM) on (JAVA BOT SERVER) 
[2022-05-07 03:14:26] [INFORMATION] Playing Song (https://www.youtube.com/watch?v=wm9b6wPD9No) on (JAVA BOT SERVER) 
[2022-05-07 03:14:26] [INFORMATION] Skipped Song on (JAVA BOT SERVER) 
[2022-05-07 03:14:31] [INFORMATION] Playing Song (https://www.youtube.com/watch?v=zoJAcgmOS4Q) on (JAVA BOT SERVER) 
[2022-05-07 03:14:31] [INFORMATION] Skipped Song on (JAVA BOT SERVER) 
[2022-05-07 03:16:54] [INFORMATION] Playing Song (https://www.youtube.com/watch?v=gqthPT8vK7o) on (JAVA BOT SERVER) 
[2022-05-07 03:16:54] [INFORMATION] Skipped Song on (JAVA BOT SERVER) 
[2022-05-07 03:17:10] [INFORMATION] Playing Song (https://www.youtube.com/watch?v=BwqE3BS2KeM) on (JAVA BOT SERVER) 
[2022-05-07 03:17:10] [INFORMATION] Skipped Song on (JAVA BOT SERVER) 
[2022-05-07 03:17:53] [INFORMATION] Queued Song (https://www.youtube.com/watch?v=aVc2YXgl44M) on (JAVA BOT SERVER) 
[2022-05-07 03:17:55] [INFORMATION] Queued Song (https://www.youtube.com/watch?v=0AiJJeeOo1o) on (JAVA BOT SERVER) 
[2022-05-07 03:17:57] [INFORMATION] Playing Song (https://www.youtube.com/watch?v=aVc2YXgl44M) on (JAVA BOT SERVER) 
[2022-05-07 03:17:57] [INFORMATION] Skipped Song on (JAVA BOT SERVER) 
[2022-05-07 03:18:05] [INFORMATION] Pausing Song (https://www.youtube.com/watch?v=aVc2YXgl44M) on (JAVA BOT SERVER) 
[2022-05-07 03:18:14] [INFORMATION] Resuming https://www.youtube.com/watch?v=aVc2YXgl44M on (JAVA BOT SERVER) 
[2022-05-07 03:18:30] [INFORMATION] Queued Song (https://www.youtube.com/watch?v=jffGXR7vNdk) on (JAVA BOT SERVER) 
[2022-05-07 03:18:32] [INFORMATION] Playing Song (https://www.youtube.com/watch?v=0AiJJeeOo1o) on (JAVA BOT SERVER) 
[2022-05-07 03:18:32] [INFORMATION] Skipped Song on (JAVA BOT SERVER) 
[2022-05-07 03:18:42] [INFORMATION] Playing Song (https://www.youtube.com/watch?v=jffGXR7vNdk) on (JAVA BOT SERVER) 
[2022-05-07 03:18:42] [INFORMATION] Skipped Song on (JAVA BOT SERVER) 
[2022-05-07 03:19:01] [INFORMATION] Queued Song (https://www.youtube.com/watch?v=q3HB3vFrE6E) on (JAVA BOT SERVER) 
[2022-05-07 03:22:35] [INFORMATION] Playing Song (https://www.youtube.com/watch?v=q3HB3vFrE6E) on (JAVA BOT SERVER) 
[2022-05-07 03:22:42] [INFORMATION] Queued Song (https://www.youtube.com/watch?v=BlHsvqzHvag) on (JAVA BOT SERVER) 
[2022-05-07 03:22:44] [INFORMATION] Playing Song (https://www.youtube.com/watch?v=BlHsvqzHvag) on (JAVA BOT SERVER) 
[2022-05-07 03:22:44] [INFORMATION] Skipped Song on (JAVA BOT SERVER) 
[2022-05-07 03:22:56] [INFORMATION] Queued Song (https://www.youtube.com/watch?v=BlHsvqzHvag) on (JAVA BOT SERVER) 
[2022-05-07 03:22:57] [INFORMATION] Queued Song (https://www.youtube.com/watch?v=c56t7upa8Bk) on (JAVA BOT SERVER) 
[2022-05-07 03:22:58] [INFORMATION] Playing Song (https://www.youtube.com/watch?v=BlHsvqzHvag) on (JAVA BOT SERVER) 
[2022-05-07 03:22:58] [INFORMATION] Skipped Song on (JAVA BOT SERVER) 
[2022-05-07 03:23:02] [INFORMATION] Playing Song (https://www.youtube.com/watch?v=c56t7upa8Bk) on (JAVA BOT SERVER) 
[2022-05-07 03:23:02] [INFORMATION] Skipped Song on (JAVA BOT SERVER) 
[2022-05-07 03:23:19] [INFORMATION] Queued Song (https://www.youtube.com/watch?v=65As1V0vQDM) on (JAVA BOT SERVER) 
[2022-05-07 03:23:23] [INFORMATION] Playing Song (https://www.youtube.com/watch?v=65As1V0vQDM) on (JAVA BOT SERVER) 
[2022-05-07 03:23:23] [INFORMATION] Skipped Song on (JAVA BOT SERVER) 
[2022-05-07 03:23:31] [INFORMATION] Queued Song (https://www.youtube.com/watch?v=Dg0IjOzopYU) on (JAVA BOT SERVER) 
[2022-05-07 03:23:33] [INFORMATION] Playing Song (https://www.youtube.com/watch?v=Dg0IjOzopYU) on (JAVA BOT SERVER) 
[2022-05-07 03:23:33] [INFORMATION] Skipped Song on (JAVA BOT SERVER) 
[2022-05-07 03:48:47] [INFORMATION] Queued Song (https://www.youtube.com/watch?v=8h5aj-wWptc) on (JAVA BOT SERVER) 
[2022-05-07 03:48:50] [INFORMATION] Playing Song (https://www.youtube.com/watch?v=8h5aj-wWptc) on (JAVA BOT SERVER) 
[2022-05-07 03:48:50] [INFORMATION] Skipped Song on (JAVA BOT SERVER) 
[2022-05-07 03:50:31] [INFORMATION] Queued Song (https://www.youtube.com/watch?v=TcLKA33yHeU) on (JAVA BOT SERVER) 
[2022-05-07 03:50:33] [INFORMATION] Playing Song (https://www.youtube.com/watch?v=TcLKA33yHeU) on (JAVA BOT SERVER) 
[2022-05-07 03:50:33] [INFORMATION] Skipped Song on (JAVA BOT SERVER) 
[2022-05-07 03:52:57] [INFORMATION] Queued Song (https://www.youtube.com/watch?v=vlR2Sh7YLp8) on (JAVA BOT SERVER) 
[2022-05-07 03:53:29] [INFORMATION] Queued Song (https://www.youtube.com/watch?v=sdVySEbpDN0) on (JAVA BOT SERVER) 
[2022-05-07 03:53:32] [INFORMATION] Playing Song (https://www.youtube.com/watch?v=vlR2Sh7YLp8) on (JAVA BOT SERVER) 
[2022-05-07 03:53:32] [INFORMATION] Skipped Song on (JAVA BOT SERVER) 
[2022-05-07 03:53:52] [INFORMATION] Playing Song (https://www.youtube.com/watch?v=sdVySEbpDN0) on (JAVA BOT SERVER) 
[2022-05-07 03:53:52] [INFORMATION] Skipped Song on (JAVA BOT SERVER) 
[2022-05-07 03:54:06] [INFORMATION] Queued Song (https://www.youtube.com/watch?v=gzrRoDd9CxM) on (JAVA BOT SERVER) 
[2022-05-07 03:54:07] [INFORMATION] Playing Song (https://www.youtube.com/watch?v=gzrRoDd9CxM) on (JAVA BOT SERVER) 
[2022-05-07 03:54:07] [INFORMATION] Skipped Song on (JAVA BOT SERVER) 
[2022-05-07 03:54:16] [INFORMATION] Queued Song (https://www.youtube.com/watch?v=vlR2Sh7YLp8) on (JAVA BOT SERVER) 
[2022-05-07 03:57:47] [INFORMATION] Playing Song (https://www.youtube.com/watch?v=vlR2Sh7YLp8) on (JAVA BOT SERVER) 
[2022-05-07 03:57:47] [INFORMATION] Skipped Song on (JAVA BOT SERVER) 
[2022-05-07 03:58:12] [INFORMATION] Queued Song (https://www.youtube.com/watch?v=MlbDVOIYbRI) on (JAVA BOT SERVER) 
[2022-05-07 03:58:13] [INFORMATION] Playing Song (https://www.youtube.com/watch?v=MlbDVOIYbRI) on (JAVA BOT SERVER) 
[2022-05-07 03:58:13] [INFORMATION] Skipped Song on (JAVA BOT SERVER) 
[2022-05-07 04:02:48] [INFORMATION] Queued Song (https://www.youtube.com/watch?v=XmIgg9De9hY) on (JAVA BOT SERVER) 
[2022-05-07 04:02:52] [INFORMATION] Playing Song (https://www.youtube.com/watch?v=XmIgg9De9hY) on (JAVA BOT SERVER) 
[2022-05-07 04:02:52] [INFORMATION] Skipped Song on (JAVA BOT SERVER) 
[2022-05-07 04:05:07] [INFORMATION] Queued Song (https://www.youtube.com/watch?v=lXYLZUCWo2k) on (JAVA BOT SERVER) 
[2022-05-07 04:05:52] [INFORMATION] Playing Song (https://www.youtube.com/watch?v=lXYLZUCWo2k) on (JAVA BOT SERVER) 
[2022-05-07 04:10:54] [INFORMATION] Playing Song (https://www.youtube.com/watch?v=VpbM_dPmyBE) on (JAVA BOT SERVER) 
[2022-05-07 04:10:57] [INFORMATION] Pausing Song (https://www.youtube.com/watch?v=VpbM_dPmyBE) on (JAVA BOT SERVER) 
[2022-05-07 04:11:06] [INFORMATION] Queued Song (https://www.youtube.com/watch?v=dLyH94jNau0) on (JAVA BOT SERVER) 
[2022-05-07 04:11:09] [INFORMATION] Playing Song (https://www.youtube.com/watch?v=dLyH94jNau0) on (JAVA BOT SERVER) 
[2022-05-07 04:11:09] [INFORMATION] Skipped Song on (JAVA BOT SERVER) 
[2022-05-07 04:11:10] [INFORMATION] Stopping Song on (JAVA BOT SERVER) 
[2022-05-07 04:11:22] [INFORMATION] Playing Song (https://www.youtube.com/watch?v=Mlqvjb0WOdM) on (JAVA BOT SERVER) 
[2022-05-07 04:11:23] [INFORMATION] Queued Song (https://www.youtube.com/watch?v=VpbM_dPmyBE) on (JAVA BOT SERVER) 
[2022-05-07 04:11:26] [INFORMATION] Started Loop for https://www.youtube.com/watch?v=Mlqvjb0WOdM on (JAVA BOT SERVER) 
[2022-05-07 04:11:36] [INFORMATION] Playing Song (https://www.youtube.com/watch?v=VpbM_dPmyBE) on (JAVA BOT SERVER) 
[2022-05-07 04:11:36] [INFORMATION] Skipped Song on (JAVA BOT SERVER) 
[2022-05-07 04:11:43] [INFORMATION] Queued Song (https://www.youtube.com/watch?v=7aEUakKMLBs) on (JAVA BOT SERVER) 
