[2022-05-08 00:29:25] [INFORMATION] CONNECTING TO WEBSOCKET... 
[2022-05-08 00:29:25] [INFORMATION] LOGGING INTO DISCORD... 
[2022-05-08 00:29:25] [INFORMATION] PING SPIKE DETECTED FROM -1ms TO 110 ms 
[2022-05-08 00:29:25] [INFORMATION] LOADING... 
[2022-05-08 00:29:25] [INFORMATION] API STATUS: READY 
[2022-05-08 00:29:25] [INFORMATION] APPLICATION STATUS: LOADING_SUBSYSTEMS 
[2022-05-08 00:29:25] [INFORMATION] SYSTEM: DESKTOP-V03JMPS 
[2022-05-08 00:29:25] [INFORMATION] OS: Windows 10 
[2022-05-08 00:29:25] [INFORMATION] OS-VERSION: 10.0 
[2022-05-08 00:29:25] [INFORMATION] 0S-ARCH: amd64 
[2022-05-08 00:29:25] [INFORMATION] JAVA: 18+36-2087 (C:\Users\Leon\.jdks\openjdk-18) 
[2022-05-08 00:29:25] [INFORMATION] JVM-NAME: OpenJDK 64-Bit Server VM 
[2022-05-08 00:29:25] [INFORMATION] JVM-VERSION: 18+36-2087 
[2022-05-08 00:29:25] [INFORMATION] USER: Leon 
[2022-05-08 00:29:25] [INFORMATION] DIRECTORY: C:\Users\Leon\Documents\GitHub\discord-bot-java 
[2022-05-08 00:29:25] [INFORMATION] IP: 192.168.179.28 
[2022-05-08 00:29:25] [INFORMATION] NETWORK: true 
[2022-05-08 00:29:25] [INFORMATION] TYPE: BOT 
[2022-05-08 00:29:25] [INFORMATION] NAME: ercan can#9080 
[2022-05-08 00:29:25] [INFORMATION] PING: 110ms 
[2022-05-08 00:29:25] [INFORMATION] CREATED: 2022-04-25T16:08:11.904Z 
[2022-05-08 00:29:25] [INFORMATION] ACC-ID: 968181644123045998 
[2022-05-08 00:29:25] [INFORMATION] APP-ID: 968181644123045998 
[2022-05-08 00:29:25] [INFORMATION] INVITE: https://discord.com/oauth2/authorize?client_id=968181644123045998&scope=bot&permissions=8 
[2022-05-08 00:29:25] [INFORMATION] VERIFIED: true 
[2022-05-08 00:29:25] [INFORMATION] --------------------- 
[2022-05-08 00:29:25] [INFORMATION] CONFIRM ONLINE 
[2022-05-08 00:29:30] [INFORMATION] CURRENT BOT STATUS: CONNECTED 
[2022-05-08 00:29:30] [INFORMATION] LATEST PING: 110ms  (Updated 5s ago) 
[2022-05-08 00:29:30] [INFORMATION] UPTIME: 6s  
[2022-05-08 00:29:33] [INFORMATION] CURRENT BOT STATUS: CONNECTED 
[2022-05-08 00:29:33] [INFORMATION] LATEST PING: 110ms  (Updated 7s ago) 
[2022-05-08 00:29:33] [INFORMATION] UPTIME: 9s  
[2022-05-08 00:29:35] [INFORMATION] CURRENT BOT STATUS: CONNECTED 
[2022-05-08 00:29:35] [INFORMATION] LATEST PING: 110ms  (Updated 9s ago) 
[2022-05-08 00:29:35] [INFORMATION] UPTIME: 11s  
[2022-05-08 00:29:38] [INFORMATION] CURRENT BOT STATUS: CONNECTED 
[2022-05-08 00:29:38] [INFORMATION] LATEST PING: 110ms  (Updated 13s ago) 
[2022-05-08 00:29:38] [INFORMATION] UPTIME: 14s  
[2022-05-08 00:29:46] [INFORMATION] BOT SHUTDOWN REQUESTED DUE CONSOLE 
[2022-05-08 00:29:46] [INFORMATION] UPTIME: 22s  
[2022-05-08 00:29:46] [INFORMATION] SHUTTING DOWN... 
[2022-05-08 00:29:46] [INFORMATION] CONFIRM OFFLINE 
