[2022-05-08 00:08:44] [INFORMATION] LOGGING INTO DISCORD... 
[2022-05-08 00:08:44] [INFORMATION] PING SPIKE DETECTED FROM -1ms TO 127 ms 
[2022-05-08 00:08:44] [INFORMATION] LOADING... 
[2022-05-08 00:08:44] [INFORMATION] API STATUS: READY 
[2022-05-08 00:08:44] [INFORMATION] APPLICATION STATUS: LOADING_SUBSYSTEMS 
[2022-05-08 00:08:44] [INFORMATION] SYSTEM: DESKTOP-V03JMPS 
[2022-05-08 00:08:44] [INFORMATION] OS: Windows 10 
[2022-05-08 00:08:44] [INFORMATION] OS-VERSION: 10.0 
[2022-05-08 00:08:44] [INFORMATION] 0S-ARCH: amd64 
[2022-05-08 00:08:44] [INFORMATION] JAVA: 18+36-2087 (C:\Users\Leon\.jdks\openjdk-18) 
[2022-05-08 00:08:44] [INFORMATION] JVM-NAME: OpenJDK 64-Bit Server VM 
[2022-05-08 00:08:44] [INFORMATION] JVM-VERSION: 18+36-2087 
[2022-05-08 00:08:44] [INFORMATION] USER: Leon 
[2022-05-08 00:08:44] [INFORMATION] DIRECTORY: C:\Users\Leon\Documents\GitHub\discord-bot-java 
[2022-05-08 00:08:44] [INFORMATION] IP: 192.168.179.28 
[2022-05-08 00:08:44] [INFORMATION] NETWORK: true 
[2022-05-08 00:08:44] [INFORMATION] TYPE: BOT 
[2022-05-08 00:08:44] [INFORMATION] NAME: ercan can#9080 
[2022-05-08 00:08:44] [INFORMATION] PING: 127ms 
[2022-05-08 00:08:44] [INFORMATION] CREATED: 2022-04-25T16:08:11.904Z 
[2022-05-08 00:08:44] [INFORMATION] ACC-ID: 968181644123045998 
[2022-05-08 00:08:44] [INFORMATION] APP-ID: 968181644123045998 
[2022-05-08 00:08:44] [INFORMATION] INVITE: https://discord.com/oauth2/authorize?client_id=968181644123045998&scope=bot&permissions=8 
[2022-05-08 00:08:44] [INFORMATION] VERIFIED: true 
[2022-05-08 00:08:44] [INFORMATION] --------------------- 
[2022-05-08 00:08:44] [INFORMATION] CONFIRM ONLINE 
[2022-05-08 00:09:10] [INFORMATION] Voice Channel got deleted (JAVA BOT SERVER) 
[2022-05-08 00:09:12] [INFORMATION] VoiceChannel got created through an Voicehub (JAVA BOT SERVER,tr3x#2735) 
[2022-05-08 00:09:16] [INFORMATION] Playing Song (https://www.youtube.com/watch?v=vKAfDEGAMok) on (JAVA BOT SERVER) 
[2022-05-08 00:09:27] [INFORMATION] CURRENT BOT STATUS: CONNECTED 
[2022-05-08 00:09:27] [INFORMATION] LATEST PING: 110  (Updated 1962ms ago) 
[2022-05-08 00:10:00] [INFORMATION] CURRENT BOT STATUS: CONNECTED 
[2022-05-08 00:10:00] [INFORMATION] LATEST PING: 110  (Updated 34763ms ago) 
[2022-05-08 00:10:23] [INFORMATION] CURRENT BOT STATUS: CONNECTED 
[2022-05-08 00:10:23] [INFORMATION] LATEST PING: 109  (Updated 16809ms ago) 
[2022-05-08 00:10:32] [INFORMATION] SHUTTING DOWN 
