[2022-05-10 17:31:48] [INFORMATION] CONNECTING TO WEBSOCKET... 
[2022-05-10 17:31:48] [INFORMATION] LOGGING INTO DISCORD... 
[2022-05-10 17:31:48] [INFORMATION] PING SPIKE DETECTED FROM -1ms TO 111 ms 
[2022-05-10 17:31:48] [INFORMATION] LOADING... 
[2022-05-10 17:31:48] [INFORMATION] API STATUS: READY 
[2022-05-10 17:31:48] [INFORMATION] APPLICATION STATUS: LOADING_SUBSYSTEMS 
[2022-05-10 17:31:48] [INFORMATION] --------------------- 
[2022-05-10 17:31:48] [INFORMATION] SYSTEM: DESKTOP-V03JMPS 
[2022-05-10 17:31:48] [INFORMATION] OS: Windows 10 (Version 10.0) amd64 
[2022-05-10 17:31:48] [INFORMATION] DIRECTORY: C:\Users\Leon\Documents\GitHub\discord-bot-java 
[2022-05-10 17:31:48] [INFORMATION] MEMORY-USAGE ALL(JAVA): 10724MB (2074MB) / 17107MB 
[2022-05-10 17:31:48] [INFORMATION] CPU-USAGE JAVA: % 
[2022-05-10 17:31:48] [INFORMATION] JAVA: 18+36-2087 (C:\Users\Leon\.jdks\openjdk-18) 
[2022-05-10 17:31:48] [INFORMATION] JDK: OpenJDK 64-Bit Server VM 
[2022-05-10 17:31:48] [INFORMATION] NETWORK: true 
[2022-05-10 17:31:48] [INFORMATION] IP: 192.168.179.28 
[2022-05-10 17:31:48] [INFORMATION] --------------------- 
[2022-05-10 17:31:48] [INFORMATION] NAME: ercan can#9080 
[2022-05-10 17:31:48] [INFORMATION] INVITE: https://discord.com/oauth2/authorize?client_id=968181644123045998&scope=bot&permissions=8 
[2022-05-10 17:31:48] [INFORMATION] GATEWAY PING: 111ms 
[2022-05-10 17:31:48] [INFORMATION] CACHE-FLAGS: [ACTIVITY, VOICE_STATE, EMOTE, MEMBER_OVERRIDES, ROLE_TAGS, ONLINE_STATUS] 
[2022-05-10 17:31:48] [INFORMATION] INTENTS: [GUILD_MEMBERS, GUILD_BANS, GUILD_EMOJIS, GUILD_INVITES, GUILD_VOICE_STATES, GUILD_PRESENCES, GUILD_MESSAGES, GUILD_MESSAGE_REACTIONS, DIRECT_MESSAGES, DIRECT_MESSAGE_REACTIONS] 
[2022-05-10 17:31:48] [INFORMATION] ACC-ID: 968181644123045998 
[2022-05-10 17:31:48] [INFORMATION] CREATED: 2022-04-25T16:08:11.904Z 
[2022-05-10 17:31:48] [INFORMATION] OWNER: tr3x#2735 
[2022-05-10 17:31:48] [INFORMATION] DEV-TEAM: [InnereKlasse#6798, Kylx#7843, tr3x#2735] 
[2022-05-10 17:31:48] [INFORMATION] PUBLIC: true 
[2022-05-10 17:31:48] [INFORMATION] VERIFIED: true 
[2022-05-10 17:31:48] [INFORMATION] --------------------- 
[2022-05-10 17:31:48] [INFORMATION] CONFIRM ONLINE 
[2022-05-10 17:31:52] [INFORMATION] Playing Song (https://www.youtube.com/watch?v=7NU8Mdc3pgQ) on (JAVA BOT SERVER) 
[2022-05-10 17:31:57] [INFORMATION] Queued Song (https://www.youtube.com/watch?v=IMGUFsZr2Bs) on (JAVA BOT SERVER) 
[2022-05-10 17:32:00] [INFORMATION] Queued Song (https://www.youtube.com/watch?v=IEh4Vfzow5U) on (JAVA BOT SERVER) 
[2022-05-10 17:32:05] [INFORMATION] Queued Song (https://www.youtube.com/watch?v=0AsPwoOeFcU) on (JAVA BOT SERVER) 
[2022-05-10 17:32:07] [INFORMATION] Queued Song (https://www.youtube.com/watch?v=Fcz5tvRefnE) on (JAVA BOT SERVER) 
[2022-05-10 17:32:09] [INFORMATION] Queued Song (https://www.youtube.com/watch?v=uQVyRZphn_Y) on (JAVA BOT SERVER) 
[2022-05-10 17:32:21] [INFORMATION] Stopping Song on (JAVA BOT SERVER) 
[2022-05-10 17:32:25] [INFORMATION] Tried to skip, but queue is empty on (JAVA BOT SERVER) 
[2022-05-10 17:32:43] [INFORMATION] Left VoiceChannel net.dv8tion.jda.internal.entities.VoiceChannelImpl@3629d1bc on JAVA BOT SERVER 
[2022-05-10 17:32:50] [INFORMATION] Tried to skip, but queue is empty on (JAVA BOT SERVER) 
[2022-05-10 17:32:56] [INFORMATION] Left VoiceChannel net.dv8tion.jda.internal.entities.VoiceChannelImpl@3629d1bc on JAVA BOT SERVER 
[2022-05-10 17:45:21] [INFORMATION] SHUTTING DOWN... 
